<?xml version="1.0" encoding="utf-8"?>
<CoverageSession xmlns:xsd="http://www.w3.org/2001/XMLSchema" xmlns:xsi="http://www.w3.org/2001/XMLSchema-instance" Version="0.0.0.0">
  <Summary numSequencePoints="171" visitedSequencePoints="149" numBranchPoints="0" visitedBranchPoints="0" sequenceCoverage="87.13" branchCoverage="0.0" maxCyclomaticComplexity="0" minCyclomaticComplexity="0" maxCrapScore="0" minCrapScore="0" visitedClasses="10" numClasses="10" visitedMethods="25" numMethods="25" />
  <Modules>
    <Module>
      <Summary numSequencePoints="171" visitedSequencePoints="149" numBranchPoints="0" visitedBranchPoints="0" sequenceCoverage="87.13" branchCoverage="0.0" maxCyclomaticComplexity="0" minCyclomaticComplexity="0" maxCrapScore="0" minCrapScore="0" visitedClasses="10" numClasses="10" visitedMethods="25" numMethods="25" />
      <ModuleTime>0001-01-01T00:00:00</ModuleTime>
      <ModuleName>Assembly-CSharp</ModuleName>
      <Files>
        <File uid="1" fullPath="/Users/andrejnikonov/Documents/UnityProjects/Lab1_2048/Assets/Scripts/Cell.cs" />
        <File uid="2" fullPath="/Users/andrejnikonov/Documents/UnityProjects/Lab1_2048/Assets/Scripts/CellView.cs" />
        <File uid="3" fullPath="/Users/andrejnikonov/Documents/UnityProjects/Lab1_2048/Assets/Scripts/Data.cs" />
        <File uid="4" fullPath="/Users/andrejnikonov/Documents/UnityProjects/Lab1_2048/Assets/Scripts/GameField.cs" />
        <File uid="5" fullPath="/Users/andrejnikonov/Documents/UnityProjects/Lab1_2048/Assets/Scripts/InputManager.cs" />
        <File uid="6" fullPath="/Users/andrejnikonov/Documents/UnityProjects/Lab1_2048/Assets/Scripts/SaveManager.cs" />
        <File uid="7" fullPath="/Users/andrejnikonov/Documents/UnityProjects/Lab1_2048/Assets/Tests/CellTest.cs" />
        <File uid="8" fullPath="/Users/andrejnikonov/Documents/UnityProjects/Lab1_2048/Assets/Tests/GameFieldTest.cs" />
        <File uid="9" fullPath="/Users/andrejnikonov/Documents/UnityProjects/Lab1_2048/Assets/Tests/SaveManagerTest.cs" />
      </Files>
      <Classes>
        <Class>
          <Summary numSequencePoints="21" visitedSequencePoints="21" numBranchPoints="0" visitedBranchPoints="0" sequenceCoverage="100.0" branchCoverage="0.0" maxCyclomaticComplexity="0" minCyclomaticComplexity="0" maxCrapScore="0" minCrapScore="0" visitedClasses="1" numClasses="1" visitedMethods="5" numMethods="5" />
          <FullName>Cell</FullName>
          <Methods>
            <Method visited="true" cyclomaticComplexity="0" nPathComplexity="0" sequenceCoverage="100.0" branchCoverage="0" crapScore="0" isConstructor="false" isStatic="false" isGetter="true" isSetter="false">
              <Summary numSequencePoints="1" visitedSequencePoints="1" numBranchPoints="0" visitedBranchPoints="0" sequenceCoverage="100.0" branchCoverage="0" maxCyclomaticComplexity="0" minCyclomaticComplexity="0" maxCrapScore="0" minCrapScore="0" visitedClasses="0" numClasses="0" visitedMethods="1" numMethods="1" />
              <MetadataToken>100663297</MetadataToken>
              <Name>UnityEngine.Vector2Int Cell::get_Coords()</Name>
              <FileRef uid="1" />
              <SequencePoints>
                <SequencePoint vc="5" uspid="1" ordinal="0" offset="0" sl="10" sc="16" el="10" ec="16" bec="0" bev="0" fileid="1" />
              </SequencePoints>
              <BranchPoints />
            </Method>
            <Method visited="true" cyclomaticComplexity="0" nPathComplexity="0" sequenceCoverage="100.0" branchCoverage="0" crapScore="0" isConstructor="false" isStatic="false" isGetter="false" isSetter="true">
              <Summary numSequencePoints="7" visitedSequencePoints="7" numBranchPoints="0" visitedBranchPoints="0" sequenceCoverage="100.0" branchCoverage="0" maxCyclomaticComplexity="0" minCyclomaticComplexity="0" maxCrapScore="0" minCrapScore="0" visitedClasses="0" numClasses="0" visitedMethods="1" numMethods="1" />
              <MetadataToken>100663298</MetadataToken>
              <Name>System.Void Cell::set_Coords(UnityEngine.Vector2Int)</Name>
              <FileRef uid="1" />
              <SequencePoints>
                <SequencePoint vc="11" uspid="2" ordinal="0" offset="0" sl="12" sc="9" el="12" ec="9" bec="0" bev="0" fileid="1" />
                <SequencePoint vc="11" uspid="3" ordinal="0" offset="1" sl="13" sc="13" el="13" ec="13" bec="0" bev="0" fileid="1" />
                <SequencePoint vc="4" uspid="4" ordinal="0" offset="17" sl="14" sc="13" el="14" ec="13" bec="0" bev="0" fileid="1" />
                <SequencePoint vc="4" uspid="5" ordinal="0" offset="18" sl="15" sc="17" el="15" ec="17" bec="0" bev="0" fileid="1" />
                <SequencePoint vc="4" uspid="6" ordinal="0" offset="25" sl="16" sc="17" el="16" ec="17" bec="0" bev="0" fileid="1" />
                <SequencePoint vc="4" uspid="7" ordinal="0" offset="49" sl="17" sc="13" el="17" ec="13" bec="0" bev="0" fileid="1" />
                <SequencePoint vc="11" uspid="8" ordinal="0" offset="50" sl="18" sc="9" el="18" ec="9" bec="0" bev="0" fileid="1" />
              </SequencePoints>
              <BranchPoints />
            </Method>
            <Method visited="true" cyclomaticComplexity="0" nPathComplexity="0" sequenceCoverage="100.0" branchCoverage="0" crapScore="0" isConstructor="false" isStatic="false" isGetter="true" isSetter="false">
              <Summary numSequencePoints="1" visitedSequencePoints="1" numBranchPoints="0" visitedBranchPoints="0" sequenceCoverage="100.0" branchCoverage="0" maxCyclomaticComplexity="0" minCyclomaticComplexity="0" maxCrapScore="0" minCrapScore="0" visitedClasses="0" numClasses="0" visitedMethods="1" numMethods="1" />
              <MetadataToken>100663299</MetadataToken>
              <Name>System.Int32 Cell::get_Num()</Name>
              <FileRef uid="1" />
              <SequencePoints>
                <SequencePoint vc="3" uspid="9" ordinal="0" offset="0" sl="24" sc="16" el="24" ec="16" bec="0" bev="0" fileid="1" />
              </SequencePoints>
              <BranchPoints />
            </Method>
            <Method visited="true" cyclomaticComplexity="0" nPathComplexity="0" sequenceCoverage="100.0" branchCoverage="0" crapScore="0" isConstructor="false" isStatic="false" isGetter="false" isSetter="true">
              <Summary numSequencePoints="7" visitedSequencePoints="7" numBranchPoints="0" visitedBranchPoints="0" sequenceCoverage="100.0" branchCoverage="0" maxCyclomaticComplexity="0" minCyclomaticComplexity="0" maxCrapScore="0" minCrapScore="0" visitedClasses="0" numClasses="0" visitedMethods="1" numMethods="1" />
              <MetadataToken>100663300</MetadataToken>
              <Name>System.Void Cell::set_Num(System.Int32)</Name>
              <FileRef uid="1" />
              <SequencePoints>
                <SequencePoint vc="2" uspid="10" ordinal="0" offset="0" sl="26" sc="9" el="26" ec="9" bec="0" bev="0" fileid="1" />
                <SequencePoint vc="2" uspid="11" ordinal="0" offset="1" sl="27" sc="13" el="27" ec="13" bec="0" bev="0" fileid="1" />
                <SequencePoint vc="1" uspid="12" ordinal="0" offset="17" sl="28" sc="13" el="28" ec="13" bec="0" bev="0" fileid="1" />
                <SequencePoint vc="1" uspid="13" ordinal="0" offset="18" sl="29" sc="17" el="29" ec="17" bec="0" bev="0" fileid="1" />
                <SequencePoint vc="1" uspid="14" ordinal="0" offset="25" sl="30" sc="17" el="30" ec="17" bec="0" bev="0" fileid="1" />
                <SequencePoint vc="1" uspid="15" ordinal="0" offset="49" sl="31" sc="13" el="31" ec="13" bec="0" bev="0" fileid="1" />
                <SequencePoint vc="2" uspid="16" ordinal="0" offset="50" sl="32" sc="9" el="32" ec="9" bec="0" bev="0" fileid="1" />
              </SequencePoints>
              <BranchPoints />
            </Method>
            <Method visited="true" cyclomaticComplexity="0" nPathComplexity="0" sequenceCoverage="100.0" branchCoverage="0" crapScore="0" isConstructor="true" isStatic="false" isGetter="false" isSetter="false">
              <Summary numSequencePoints="5" visitedSequencePoints="5" numBranchPoints="0" visitedBranchPoints="0" sequenceCoverage="100.0" branchCoverage="0" maxCyclomaticComplexity="0" minCyclomaticComplexity="0" maxCrapScore="0" minCrapScore="0" visitedClasses="0" numClasses="0" visitedMethods="1" numMethods="1" />
              <MetadataToken>100663305</MetadataToken>
              <Name>Cell::Cell(UnityEngine.Vector2Int, System.Int32)</Name>
              <FileRef uid="1" />
              <SequencePoints>
                <SequencePoint vc="11" uspid="17" ordinal="0" offset="0" sl="38" sc="5" el="38" ec="5" bec="0" bev="0" fileid="1" />
                <SequencePoint vc="11" uspid="18" ordinal="0" offset="7" sl="39" sc="5" el="39" ec="5" bec="0" bev="0" fileid="1" />
                <SequencePoint vc="11" uspid="19" ordinal="0" offset="8" sl="40" sc="9" el="40" ec="9" bec="0" bev="0" fileid="1" />
                <SequencePoint vc="11" uspid="20" ordinal="0" offset="16" sl="41" sc="9" el="41" ec="9" bec="0" bev="0" fileid="1" />
                <SequencePoint vc="11" uspid="21" ordinal="0" offset="23" sl="42" sc="5" el="42" ec="5" bec="0" bev="0" fileid="1" />
              </SequencePoints>
              <BranchPoints />
            </Method>
          </Methods>
        </Class>
        <Class>
          <Summary numSequencePoints="4" visitedSequencePoints="4" numBranchPoints="0" visitedBranchPoints="0" sequenceCoverage="100.0" branchCoverage="0.0" maxCyclomaticComplexity="0" minCyclomaticComplexity="0" maxCrapScore="0" minCrapScore="0" visitedClasses="1" numClasses="1" visitedMethods="1" numMethods="1" />
          <FullName>CellView</FullName>
          <Methods>
            <Method visited="true" cyclomaticComplexity="0" nPathComplexity="0" sequenceCoverage="100.0" branchCoverage="0" crapScore="0" isConstructor="true" isStatic="false" isGetter="false" isSetter="false">
              <Summary numSequencePoints="4" visitedSequencePoints="4" numBranchPoints="0" visitedBranchPoints="0" sequenceCoverage="100.0" branchCoverage="0" maxCyclomaticComplexity="0" minCyclomaticComplexity="0" maxCrapScore="0" minCrapScore="0" visitedClasses="0" numClasses="0" visitedMethods="1" numMethods="1" />
              <MetadataToken>100663310</MetadataToken>
              <Name>CellView::CellView()</Name>
              <FileRef uid="2" />
              <SequencePoints>
                <SequencePoint vc="1" uspid="39" ordinal="0" offset="0" sl="10" sc="5" el="10" ec="5" bec="0" bev="0" fileid="2" />
                <SequencePoint vc="1" uspid="40" ordinal="0" offset="11" sl="11" sc="5" el="11" ec="5" bec="0" bev="0" fileid="2" />
                <SequencePoint vc="1" uspid="41" ordinal="0" offset="22" sl="13" sc="5" el="13" ec="5" bec="0" bev="0" fileid="2" />
                <SequencePoint vc="1" uspid="42" ordinal="0" offset="29" sl="14" sc="5" el="14" ec="5" bec="0" bev="0" fileid="2" />
              </SequencePoints>
              <BranchPoints />
            </Method>
          </Methods>
        </Class>
        <Class>
          <Summary numSequencePoints="13" visitedSequencePoints="13" numBranchPoints="0" visitedBranchPoints="0" sequenceCoverage="100.0" branchCoverage="0.0" maxCyclomaticComplexity="0" minCyclomaticComplexity="0" maxCrapScore="0" minCrapScore="0" visitedClasses="1" numClasses="1" visitedMethods="1" numMethods="1" />
          <FullName>GameData</FullName>
          <Methods>
            <Method visited="true" cyclomaticComplexity="0" nPathComplexity="0" sequenceCoverage="100.0" branchCoverage="0" crapScore="0" isConstructor="true" isStatic="false" isGetter="false" isSetter="false">
              <Summary numSequencePoints="13" visitedSequencePoints="13" numBranchPoints="0" visitedBranchPoints="0" sequenceCoverage="100.0" branchCoverage="0" maxCyclomaticComplexity="0" minCyclomaticComplexity="0" maxCrapScore="0" minCrapScore="0" visitedClasses="0" numClasses="0" visitedMethods="1" numMethods="1" />
              <MetadataToken>100663311</MetadataToken>
              <Name>GameData::GameData(System.Int32, System.Int32, System.Collections.Generic.List[Cell])</Name>
              <FileRef uid="3" />
              <SequencePoints>
                <SequencePoint vc="8" uspid="43" ordinal="0" offset="0" sl="11" sc="5" el="11" ec="5" bec="0" bev="0" fileid="3" />
                <SequencePoint vc="8" uspid="44" ordinal="0" offset="7" sl="12" sc="5" el="12" ec="5" bec="0" bev="0" fileid="3" />
                <SequencePoint vc="8" uspid="45" ordinal="0" offset="8" sl="13" sc="9" el="13" ec="9" bec="0" bev="0" fileid="3" />
                <SequencePoint vc="8" uspid="46" ordinal="0" offset="15" sl="14" sc="9" el="14" ec="9" bec="0" bev="0" fileid="3" />
                <SequencePoint vc="8" uspid="47" ordinal="0" offset="22" sl="15" sc="9" el="15" ec="9" bec="0" bev="0" fileid="3" />
                <SequencePoint vc="8" uspid="48" ordinal="0" offset="33" sl="17" sc="9" el="17" ec="9" bec="0" bev="0" fileid="3" />
                <SequencePoint vc="8" uspid="49" ordinal="0" offset="34" sl="17" sc="31" el="17" ec="31" bec="0" bev="0" fileid="3" />
                <SequencePoint vc="2" uspid="50" ordinal="0" offset="43" sl="17" sc="18" el="17" ec="18" bec="0" bev="0" fileid="3" />
                <SequencePoint vc="2" uspid="51" ordinal="0" offset="51" sl="18" sc="9" el="18" ec="9" bec="0" bev="0" fileid="3" />
                <SequencePoint vc="2" uspid="52" ordinal="0" offset="52" sl="19" sc="13" el="19" ec="13" bec="0" bev="0" fileid="3" />
                <SequencePoint vc="2" uspid="53" ordinal="0" offset="103" sl="20" sc="9" el="20" ec="9" bec="0" bev="0" fileid="3" />
                <SequencePoint vc="10" uspid="54" ordinal="0" offset="104" sl="17" sc="28" el="17" ec="28" bec="0" bev="0" fileid="3" />
                <SequencePoint vc="8" uspid="55" ordinal="0" offset="130" sl="21" sc="5" el="21" ec="5" bec="0" bev="0" fileid="3" />
              </SequencePoints>
              <BranchPoints />
            </Method>
          </Methods>
        </Class>
        <Class>
          <Summary numSequencePoints="6" visitedSequencePoints="6" numBranchPoints="0" visitedBranchPoints="0" sequenceCoverage="100.0" branchCoverage="0.0" maxCyclomaticComplexity="0" minCyclomaticComplexity="0" maxCrapScore="0" minCrapScore="0" visitedClasses="1" numClasses="1" visitedMethods="1" numMethods="1" />
          <FullName>CellData</FullName>
          <Methods>
            <Method visited="true" cyclomaticComplexity="0" nPathComplexity="0" sequenceCoverage="100.0" branchCoverage="0" crapScore="0" isConstructor="true" isStatic="false" isGetter="false" isSetter="false">
              <Summary numSequencePoints="6" visitedSequencePoints="6" numBranchPoints="0" visitedBranchPoints="0" sequenceCoverage="100.0" branchCoverage="0" maxCyclomaticComplexity="0" minCyclomaticComplexity="0" maxCrapScore="0" minCrapScore="0" visitedClasses="0" numClasses="0" visitedMethods="1" numMethods="1" />
              <MetadataToken>100663312</MetadataToken>
              <Name>CellData::CellData(System.Int32, System.Int32, System.Int32)</Name>
              <FileRef uid="3" />
              <SequencePoints>
                <SequencePoint vc="2" uspid="56" ordinal="0" offset="0" sl="29" sc="5" el="29" ec="5" bec="0" bev="0" fileid="3" />
                <SequencePoint vc="2" uspid="57" ordinal="0" offset="7" sl="30" sc="5" el="30" ec="5" bec="0" bev="0" fileid="3" />
                <SequencePoint vc="2" uspid="58" ordinal="0" offset="8" sl="31" sc="9" el="31" ec="9" bec="0" bev="0" fileid="3" />
                <SequencePoint vc="2" uspid="59" ordinal="0" offset="15" sl="32" sc="9" el="32" ec="9" bec="0" bev="0" fileid="3" />
                <SequencePoint vc="2" uspid="60" ordinal="0" offset="22" sl="33" sc="9" el="33" ec="9" bec="0" bev="0" fileid="3" />
                <SequencePoint vc="2" uspid="61" ordinal="0" offset="29" sl="34" sc="5" el="34" ec="5" bec="0" bev="0" fileid="3" />
              </SequencePoints>
              <BranchPoints />
            </Method>
          </Methods>
        </Class>
        <Class>
          <Summary numSequencePoints="59" visitedSequencePoints="40" numBranchPoints="0" visitedBranchPoints="0" sequenceCoverage="67.80" branchCoverage="0.0" maxCyclomaticComplexity="0" minCyclomaticComplexity="0" maxCrapScore="0" minCrapScore="0" visitedClasses="1" numClasses="1" visitedMethods="5" numMethods="5" />
          <FullName>GameField</FullName>
          <Methods>
            <Method visited="true" cyclomaticComplexity="0" nPathComplexity="0" sequenceCoverage="72.73" branchCoverage="0" crapScore="0" isConstructor="false" isStatic="false" isGetter="false" isSetter="false">
              <Summary numSequencePoints="33" visitedSequencePoints="24" numBranchPoints="0" visitedBranchPoints="0" sequenceCoverage="72.73" branchCoverage="0" maxCyclomaticComplexity="0" minCyclomaticComplexity="0" maxCrapScore="0" minCrapScore="0" visitedClasses="0" numClasses="0" visitedMethods="1" numMethods="1" />
              <MetadataToken>100663313</MetadataToken>
              <Name>UnityEngine.Vector2Int GameField::GetEmptyPosition()</Name>
              <FileRef uid="4" />
              <SequencePoints>
                <SequencePoint vc="6" uspid="62" ordinal="0" offset="0" sl="17" sc="5" el="17" ec="5" bec="0" bev="0" fileid="4" />
                <SequencePoint vc="6" uspid="63" ordinal="0" offset="1" sl="18" sc="9" el="18" ec="9" bec="0" bev="0" fileid="4" />
                <SequencePoint vc="6" uspid="64" ordinal="0" offset="7" sl="20" sc="14" el="20" ec="14" bec="0" bev="0" fileid="4" />
                <SequencePoint vc="24" uspid="65" ordinal="0" offset="14" sl="21" sc="9" el="21" ec="9" bec="0" bev="0" fileid="4" />
                <SequencePoint vc="24" uspid="66" ordinal="0" offset="15" sl="22" sc="18" el="22" ec="18" bec="0" bev="0" fileid="4" />
                <SequencePoint vc="96" uspid="67" ordinal="0" offset="19" sl="23" sc="13" el="23" ec="13" bec="0" bev="0" fileid="4" />
                <SequencePoint vc="96" uspid="68" ordinal="0" offset="20" sl="24" sc="17" el="24" ec="17" bec="0" bev="0" fileid="4" />
                <SequencePoint vc="96" uspid="69" ordinal="0" offset="29" sl="25" sc="17" el="25" ec="17" bec="0" bev="0" fileid="4" />
                <SequencePoint vc="96" uspid="70" ordinal="0" offset="32" sl="27" sc="17" el="27" ec="17" bec="0" bev="0" fileid="4" />
                <SequencePoint vc="96" uspid="71" ordinal="0" offset="33" sl="27" sc="39" el="27" ec="39" bec="0" bev="0" fileid="4" />
                <SequencePoint vc="0" uspid="72" ordinal="0" offset="48" sl="27" sc="26" el="27" ec="26" bec="0" bev="0" fileid="4" />
                <SequencePoint vc="0" uspid="73" ordinal="0" offset="57" sl="28" sc="17" el="28" ec="17" bec="0" bev="0" fileid="4" />
                <SequencePoint vc="0" uspid="74" ordinal="0" offset="58" sl="29" sc="21" el="29" ec="21" bec="0" bev="0" fileid="4" />
                <SequencePoint vc="0" uspid="75" ordinal="0" offset="77" sl="30" sc="21" el="30" ec="21" bec="0" bev="0" fileid="4" />
                <SequencePoint vc="0" uspid="76" ordinal="0" offset="78" sl="31" sc="25" el="31" ec="25" bec="0" bev="0" fileid="4" />
                <SequencePoint vc="0" uspid="77" ordinal="0" offset="81" sl="32" sc="25" el="32" ec="25" bec="0" bev="0" fileid="4" />
                <SequencePoint vc="0" uspid="78" ordinal="0" offset="83" sl="34" sc="17" el="34" ec="17" bec="0" bev="0" fileid="4" />
                <SequencePoint vc="96" uspid="79" ordinal="0" offset="84" sl="27" sc="36" el="27" ec="36" bec="0" bev="0" fileid="4" />
                <SequencePoint vc="96" uspid="80" ordinal="0" offset="110" sl="36" sc="17" el="36" ec="17" bec="0" bev="0" fileid="4" />
                <SequencePoint vc="96" uspid="81" ordinal="0" offset="121" sl="36" sc="29" el="36" ec="29" bec="0" bev="0" fileid="4" />
                <SequencePoint vc="96" uspid="82" ordinal="0" offset="122" sl="36" sc="31" el="36" ec="31" bec="0" bev="0" fileid="4" />
                <SequencePoint vc="96" uspid="83" ordinal="0" offset="130" sl="36" sc="50" el="36" ec="50" bec="0" bev="0" fileid="4" />
                <SequencePoint vc="96" uspid="84" ordinal="0" offset="131" sl="37" sc="13" el="37" ec="13" bec="0" bev="0" fileid="4" />
                <SequencePoint vc="96" uspid="85" ordinal="0" offset="132" sl="22" sc="36" el="22" ec="36" bec="0" bev="0" fileid="4" />
                <SequencePoint vc="120" uspid="86" ordinal="0" offset="136" sl="22" sc="29" el="22" ec="29" bec="0" bev="0" fileid="4" />
                <SequencePoint vc="24" uspid="87" ordinal="0" offset="146" sl="38" sc="9" el="38" ec="9" bec="0" bev="0" fileid="4" />
                <SequencePoint vc="24" uspid="88" ordinal="0" offset="147" sl="20" sc="32" el="20" ec="32" bec="0" bev="0" fileid="4" />
                <SequencePoint vc="30" uspid="89" ordinal="0" offset="151" sl="20" sc="25" el="20" ec="25" bec="0" bev="0" fileid="4" />
                <SequencePoint vc="6" uspid="90" ordinal="0" offset="164" sl="40" sc="9" el="40" ec="9" bec="0" bev="0" fileid="4" />
                <SequencePoint vc="0" uspid="91" ordinal="0" offset="179" sl="41" sc="9" el="41" ec="9" bec="0" bev="0" fileid="4" />
                <SequencePoint vc="0" uspid="92" ordinal="0" offset="180" sl="42" sc="13" el="42" ec="13" bec="0" bev="0" fileid="4" />
                <SequencePoint vc="6" uspid="93" ordinal="0" offset="191" sl="45" sc="9" el="45" ec="9" bec="0" bev="0" fileid="4" />
                <SequencePoint vc="6" uspid="94" ordinal="0" offset="213" sl="46" sc="5" el="46" ec="5" bec="0" bev="0" fileid="4" />
              </SequencePoints>
              <BranchPoints />
            </Method>
            <Method visited="true" cyclomaticComplexity="0" nPathComplexity="0" sequenceCoverage="50.00" branchCoverage="0" crapScore="0" isConstructor="false" isStatic="false" isGetter="false" isSetter="false">
              <Summary numSequencePoints="14" visitedSequencePoints="7" numBranchPoints="0" visitedBranchPoints="0" sequenceCoverage="50.00" branchCoverage="0" maxCyclomaticComplexity="0" minCyclomaticComplexity="0" maxCrapScore="0" minCrapScore="0" visitedClasses="0" numClasses="0" visitedMethods="1" numMethods="1" />
              <MetadataToken>100663314</MetadataToken>
              <Name>System.Void GameField::CreateCell()</Name>
              <FileRef uid="4" />
              <SequencePoints>
                <SequencePoint vc="6" uspid="95" ordinal="0" offset="0" sl="49" sc="5" el="49" ec="5" bec="0" bev="0" fileid="4" />
                <SequencePoint vc="6" uspid="96" ordinal="0" offset="1" sl="50" sc="9" el="50" ec="9" bec="0" bev="0" fileid="4" />
                <SequencePoint vc="6" uspid="97" ordinal="0" offset="8" sl="51" sc="9" el="51" ec="9" bec="0" bev="0" fileid="4" />
                <SequencePoint vc="0" uspid="98" ordinal="0" offset="24" sl="51" sc="26" el="51" ec="26" bec="0" bev="0" fileid="4" />
                <SequencePoint vc="0" uspid="99" ordinal="0" offset="25" sl="51" sc="28" el="51" ec="28" bec="0" bev="0" fileid="4" />
                <SequencePoint vc="6" uspid="100" ordinal="0" offset="27" sl="53" sc="9" el="53" ec="9" bec="0" bev="0" fileid="4" />
                <SequencePoint vc="6" uspid="101" ordinal="0" offset="44" sl="55" sc="9" el="55" ec="9" bec="0" bev="0" fileid="4" />
                <SequencePoint vc="6" uspid="102" ordinal="0" offset="52" sl="56" sc="9" el="56" ec="9" bec="0" bev="0" fileid="4" />
                <SequencePoint vc="6" uspid="103" ordinal="0" offset="65" sl="58" sc="9" el="58" ec="9" bec="0" bev="0" fileid="4" />
                <SequencePoint vc="0" uspid="104" ordinal="0" offset="83" sl="59" sc="9" el="59" ec="9" bec="0" bev="0" fileid="4" />
                <SequencePoint vc="0" uspid="105" ordinal="0" offset="91" sl="60" sc="9" el="60" ec="9" bec="0" bev="0" fileid="4" />
                <SequencePoint vc="0" uspid="106" ordinal="0" offset="100" sl="62" sc="9" el="62" ec="9" bec="0" bev="0" fileid="4" />
                <SequencePoint vc="0" uspid="107" ordinal="0" offset="115" sl="64" sc="9" el="64" ec="9" bec="0" bev="0" fileid="4" />
                <SequencePoint vc="0" uspid="108" ordinal="0" offset="122" sl="65" sc="5" el="65" ec="5" bec="0" bev="0" fileid="4" />
              </SequencePoints>
              <BranchPoints />
            </Method>
            <Method visited="true" cyclomaticComplexity="0" nPathComplexity="0" sequenceCoverage="40.00" branchCoverage="0" crapScore="0" isConstructor="false" isStatic="false" isGetter="false" isSetter="false">
              <Summary numSequencePoints="5" visitedSequencePoints="2" numBranchPoints="0" visitedBranchPoints="0" sequenceCoverage="40.00" branchCoverage="0" maxCyclomaticComplexity="0" minCyclomaticComplexity="0" maxCrapScore="0" minCrapScore="0" visitedClasses="0" numClasses="0" visitedMethods="1" numMethods="1" />
              <MetadataToken>100663319</MetadataToken>
              <Name>System.Void GameField::Awake()</Name>
              <FileRef uid="4" />
              <SequencePoints>
                <SequencePoint vc="6" uspid="202" ordinal="0" offset="0" sl="170" sc="5" el="170" ec="5" bec="0" bev="0" fileid="4" />
                <SequencePoint vc="6" uspid="203" ordinal="0" offset="1" sl="171" sc="9" el="171" ec="9" bec="0" bev="0" fileid="4" />
                <SequencePoint vc="0" uspid="204" ordinal="0" offset="8" sl="172" sc="9" el="172" ec="9" bec="0" bev="0" fileid="4" />
                <SequencePoint vc="0" uspid="205" ordinal="0" offset="15" sl="173" sc="9" el="173" ec="9" bec="0" bev="0" fileid="4" />
                <SequencePoint vc="0" uspid="206" ordinal="0" offset="22" sl="174" sc="5" el="174" ec="5" bec="0" bev="0" fileid="4" />
              </SequencePoints>
              <BranchPoints />
            </Method>
            <Method visited="true" cyclomaticComplexity="0" nPathComplexity="0" sequenceCoverage="100.0" branchCoverage="0" crapScore="0" isConstructor="false" isStatic="false" isGetter="false" isSetter="false">
              <Summary numSequencePoints="3" visitedSequencePoints="3" numBranchPoints="0" visitedBranchPoints="0" sequenceCoverage="100.0" branchCoverage="0" maxCyclomaticComplexity="0" minCyclomaticComplexity="0" maxCrapScore="0" minCrapScore="0" visitedClasses="0" numClasses="0" visitedMethods="1" numMethods="1" />
              <MetadataToken>100663321</MetadataToken>
              <Name>System.Void GameField::OnApplicationQuit()</Name>
              <FileRef uid="4" />
              <SequencePoints>
                <SequencePoint vc="6" uspid="210" ordinal="0" offset="0" sl="179" sc="5" el="179" ec="5" bec="0" bev="0" fileid="4" />
                <SequencePoint vc="6" uspid="211" ordinal="0" offset="1" sl="180" sc="9" el="180" ec="9" bec="0" bev="0" fileid="4" />
                <SequencePoint vc="6" uspid="212" ordinal="0" offset="25" sl="181" sc="5" el="181" ec="5" bec="0" bev="0" fileid="4" />
              </SequencePoints>
              <BranchPoints />
            </Method>
            <Method visited="true" cyclomaticComplexity="0" nPathComplexity="0" sequenceCoverage="100.0" branchCoverage="0" crapScore="0" isConstructor="true" isStatic="false" isGetter="false" isSetter="false">
              <Summary numSequencePoints="4" visitedSequencePoints="4" numBranchPoints="0" visitedBranchPoints="0" sequenceCoverage="100.0" branchCoverage="0" maxCyclomaticComplexity="0" minCyclomaticComplexity="0" maxCrapScore="0" minCrapScore="0" visitedClasses="0" numClasses="0" visitedMethods="1" numMethods="1" />
              <MetadataToken>100663326</MetadataToken>
              <Name>GameField::GameField()</Name>
              <FileRef uid="4" />
              <SequencePoints>
                <SequencePoint vc="7" uspid="301" ordinal="0" offset="0" sl="8" sc="5" el="8" ec="5" bec="0" bev="0" fileid="4" />
                <SequencePoint vc="7" uspid="302" ordinal="0" offset="11" sl="9" sc="5" el="9" ec="5" bec="0" bev="0" fileid="4" />
                <SequencePoint vc="7" uspid="303" ordinal="0" offset="22" sl="13" sc="5" el="13" ec="5" bec="0" bev="0" fileid="4" />
                <SequencePoint vc="7" uspid="304" ordinal="0" offset="29" sl="14" sc="5" el="14" ec="5" bec="0" bev="0" fileid="4" />
              </SequencePoints>
              <BranchPoints />
            </Method>
          </Methods>
        </Class>
        <Class>
          <Summary numSequencePoints="21" visitedSequencePoints="19" numBranchPoints="0" visitedBranchPoints="0" sequenceCoverage="90.48" branchCoverage="0.0" maxCyclomaticComplexity="0" minCyclomaticComplexity="0" maxCrapScore="0" minCrapScore="0" visitedClasses="1" numClasses="1" visitedMethods="3" numMethods="3" />
          <FullName>SaveManager</FullName>
          <Methods>
            <Method visited="true" cyclomaticComplexity="0" nPathComplexity="0" sequenceCoverage="100.0" branchCoverage="0" crapScore="0" isConstructor="false" isStatic="true" isGetter="false" isSetter="false">
              <Summary numSequencePoints="8" visitedSequencePoints="8" numBranchPoints="0" visitedBranchPoints="0" sequenceCoverage="100.0" branchCoverage="0" maxCyclomaticComplexity="0" minCyclomaticComplexity="0" maxCrapScore="0" minCrapScore="0" visitedClasses="0" numClasses="0" visitedMethods="1" numMethods="1" />
              <MetadataToken>100663329</MetadataToken>
              <Name>static System.Void SaveManager::SaveGame(System.Int32, System.Int32, System.Collections.Generic.List[Cell])</Name>
              <FileRef uid="6" />
              <SequencePoints>
                <SequencePoint vc="8" uspid="327" ordinal="0" offset="0" sl="11" sc="5" el="11" ec="5" bec="0" bev="0" fileid="6" />
                <SequencePoint vc="8" uspid="328" ordinal="0" offset="1" sl="12" sc="9" el="12" ec="9" bec="0" bev="0" fileid="6" />
                <SequencePoint vc="8" uspid="329" ordinal="0" offset="7" sl="13" sc="9" el="13" ec="9" bec="0" bev="0" fileid="6" />
                <SequencePoint vc="8" uspid="330" ordinal="0" offset="18" sl="15" sc="9" el="15" ec="9" bec="0" bev="0" fileid="6" />
                <SequencePoint vc="8" uspid="331" ordinal="0" offset="27" sl="16" sc="9" el="16" ec="9" bec="0" bev="0" fileid="6" />
                <SequencePoint vc="8" uspid="332" ordinal="0" offset="36" sl="17" sc="9" el="17" ec="9" bec="0" bev="0" fileid="6" />
                <SequencePoint vc="8" uspid="333" ordinal="0" offset="43" sl="19" sc="9" el="19" ec="9" bec="0" bev="0" fileid="6" />
                <SequencePoint vc="8" uspid="334" ordinal="0" offset="54" sl="20" sc="5" el="20" ec="5" bec="0" bev="0" fileid="6" />
              </SequencePoints>
              <BranchPoints />
            </Method>
            <Method visited="true" cyclomaticComplexity="0" nPathComplexity="0" sequenceCoverage="83.33" branchCoverage="0" crapScore="0" isConstructor="false" isStatic="true" isGetter="false" isSetter="false">
              <Summary numSequencePoints="12" visitedSequencePoints="10" numBranchPoints="0" visitedBranchPoints="0" sequenceCoverage="83.33" branchCoverage="0" maxCyclomaticComplexity="0" minCyclomaticComplexity="0" maxCrapScore="0" minCrapScore="0" visitedClasses="0" numClasses="0" visitedMethods="1" numMethods="1" />
              <MetadataToken>100663330</MetadataToken>
              <Name>static GameData SaveManager::LoadGame()</Name>
              <FileRef uid="6" />
              <SequencePoints>
                <SequencePoint vc="2" uspid="335" ordinal="0" offset="0" sl="23" sc="5" el="23" ec="5" bec="0" bev="0" fileid="6" />
                <SequencePoint vc="2" uspid="336" ordinal="0" offset="1" sl="24" sc="9" el="24" ec="9" bec="0" bev="0" fileid="6" />
                <SequencePoint vc="2" uspid="337" ordinal="0" offset="15" sl="25" sc="9" el="25" ec="9" bec="0" bev="0" fileid="6" />
                <SequencePoint vc="2" uspid="338" ordinal="0" offset="16" sl="26" sc="13" el="26" ec="13" bec="0" bev="0" fileid="6" />
                <SequencePoint vc="2" uspid="339" ordinal="0" offset="22" sl="27" sc="13" el="27" ec="13" bec="0" bev="0" fileid="6" />
                <SequencePoint vc="2" uspid="340" ordinal="0" offset="34" sl="29" sc="13" el="29" ec="13" bec="0" bev="0" fileid="6" />
                <SequencePoint vc="2" uspid="341" ordinal="0" offset="47" sl="30" sc="13" el="30" ec="13" bec="0" bev="0" fileid="6" />
                <SequencePoint vc="2" uspid="342" ordinal="0" offset="54" sl="32" sc="13" el="32" ec="13" bec="0" bev="0" fileid="6" />
                <SequencePoint vc="2" uspid="343" ordinal="0" offset="65" sl="33" sc="13" el="33" ec="13" bec="0" bev="0" fileid="6" />
                <SequencePoint vc="0" uspid="344" ordinal="0" offset="70" sl="36" sc="9" el="36" ec="9" bec="0" bev="0" fileid="6" />
                <SequencePoint vc="0" uspid="345" ordinal="0" offset="81" sl="37" sc="9" el="37" ec="9" bec="0" bev="0" fileid="6" />
                <SequencePoint vc="2" uspid="346" ordinal="0" offset="86" sl="38" sc="5" el="38" ec="5" bec="0" bev="0" fileid="6" />
              </SequencePoints>
              <BranchPoints />
            </Method>
            <Method visited="true" cyclomaticComplexity="0" nPathComplexity="0" sequenceCoverage="100.0" branchCoverage="0" crapScore="0" isConstructor="true" isStatic="true" isGetter="false" isSetter="false">
              <Summary numSequencePoints="1" visitedSequencePoints="1" numBranchPoints="0" visitedBranchPoints="0" sequenceCoverage="100.0" branchCoverage="0" maxCyclomaticComplexity="0" minCyclomaticComplexity="0" maxCrapScore="0" minCrapScore="0" visitedClasses="0" numClasses="0" visitedMethods="1" numMethods="1" />
              <MetadataToken>100663332</MetadataToken>
              <Name>static SaveManager::SaveManager()</Name>
              <FileRef uid="6" />
              <SequencePoints>
                <SequencePoint vc="1" uspid="354" ordinal="0" offset="0" sl="8" sc="5" el="8" ec="5" bec="0" bev="0" fileid="6" />
              </SequencePoints>
              <BranchPoints />
            </Method>
          </Methods>
        </Class>
        <Class>
          <Summary numSequencePoints="19" visitedSequencePoints="19" numBranchPoints="0" visitedBranchPoints="0" sequenceCoverage="100.0" branchCoverage="0.0" maxCyclomaticComplexity="0" minCyclomaticComplexity="0" maxCrapScore="0" minCrapScore="0" visitedClasses="1" numClasses="1" visitedMethods="3" numMethods="3" />
          <FullName>CellTests</FullName>
          <Methods>
            <Method visited="true" cyclomaticComplexity="0" nPathComplexity="0" sequenceCoverage="100.0" branchCoverage="0" crapScore="0" isConstructor="false" isStatic="false" isGetter="false" isSetter="false">
              <Summary numSequencePoints="5" visitedSequencePoints="5" numBranchPoints="0" visitedBranchPoints="0" sequenceCoverage="100.0" branchCoverage="0" maxCyclomaticComplexity="0" minCyclomaticComplexity="0" maxCrapScore="0" minCrapScore="0" visitedClasses="0" numClasses="0" visitedMethods="1" numMethods="1" />
              <MetadataToken>100663333</MetadataToken>
              <Name>System.Void CellTests::Cell_ShouldInitialize_WithCorrectValues()</Name>
              <FileRef uid="7" />
              <SequencePoints>
                <SequencePoint vc="1" uspid="355" ordinal="0" offset="0" sl="9" sc="5" el="9" ec="5" bec="0" bev="0" fileid="7" />
                <SequencePoint vc="1" uspid="356" ordinal="0" offset="1" sl="10" sc="9" el="10" ec="9" bec="0" bev="0" fileid="7" />
                <SequencePoint vc="1" uspid="357" ordinal="0" offset="15" sl="12" sc="9" el="12" ec="9" bec="0" bev="0" fileid="7" />
                <SequencePoint vc="1" uspid="358" ordinal="0" offset="59" sl="13" sc="9" el="13" ec="9" bec="0" bev="0" fileid="7" />
                <SequencePoint vc="1" uspid="359" ordinal="0" offset="87" sl="14" sc="5" el="14" ec="5" bec="0" bev="0" fileid="7" />
              </SequencePoints>
              <BranchPoints />
            </Method>
            <Method visited="true" cyclomaticComplexity="0" nPathComplexity="0" sequenceCoverage="100.0" branchCoverage="0" crapScore="0" isConstructor="false" isStatic="false" isGetter="false" isSetter="false">
              <Summary numSequencePoints="7" visitedSequencePoints="7" numBranchPoints="0" visitedBranchPoints="0" sequenceCoverage="100.0" branchCoverage="0" maxCyclomaticComplexity="0" minCyclomaticComplexity="0" maxCrapScore="0" minCrapScore="0" visitedClasses="0" numClasses="0" visitedMethods="1" numMethods="1" />
              <MetadataToken>100663334</MetadataToken>
              <Name>System.Void CellTests::Cell_ShouldTriggerEvent_OnValueChange()</Name>
              <FileRef uid="7" />
              <SequencePoints>
                <SequencePoint vc="1" uspid="360" ordinal="0" offset="6" sl="18" sc="5" el="18" ec="5" bec="0" bev="0" fileid="7" />
                <SequencePoint vc="1" uspid="361" ordinal="0" offset="7" sl="19" sc="9" el="19" ec="9" bec="0" bev="0" fileid="7" />
                <SequencePoint vc="1" uspid="362" ordinal="0" offset="21" sl="20" sc="9" el="20" ec="9" bec="0" bev="0" fileid="7" />
                <SequencePoint vc="1" uspid="363" ordinal="0" offset="28" sl="22" sc="9" el="22" ec="9" bec="0" bev="0" fileid="7" />
                <SequencePoint vc="1" uspid="364" ordinal="0" offset="47" sl="23" sc="9" el="23" ec="9" bec="0" bev="0" fileid="7" />
                <SequencePoint vc="1" uspid="365" ordinal="0" offset="55" sl="25" sc="9" el="25" ec="9" bec="0" bev="0" fileid="7" />
                <SequencePoint vc="1" uspid="366" ordinal="0" offset="83" sl="26" sc="5" el="26" ec="5" bec="0" bev="0" fileid="7" />
              </SequencePoints>
              <BranchPoints />
            </Method>
            <Method visited="true" cyclomaticComplexity="0" nPathComplexity="0" sequenceCoverage="100.0" branchCoverage="0" crapScore="0" isConstructor="false" isStatic="false" isGetter="false" isSetter="false">
              <Summary numSequencePoints="7" visitedSequencePoints="7" numBranchPoints="0" visitedBranchPoints="0" sequenceCoverage="100.0" branchCoverage="0" maxCyclomaticComplexity="0" minCyclomaticComplexity="0" maxCrapScore="0" minCrapScore="0" visitedClasses="0" numClasses="0" visitedMethods="1" numMethods="1" />
              <MetadataToken>100663335</MetadataToken>
              <Name>System.Void CellTests::Cell_ShouldNotTriggerEvent_IfSameValueSet()</Name>
              <FileRef uid="7" />
              <SequencePoints>
                <SequencePoint vc="1" uspid="367" ordinal="0" offset="6" sl="30" sc="5" el="30" ec="5" bec="0" bev="0" fileid="7" />
                <SequencePoint vc="1" uspid="368" ordinal="0" offset="7" sl="31" sc="9" el="31" ec="9" bec="0" bev="0" fileid="7" />
                <SequencePoint vc="1" uspid="369" ordinal="0" offset="21" sl="32" sc="9" el="32" ec="9" bec="0" bev="0" fileid="7" />
                <SequencePoint vc="1" uspid="370" ordinal="0" offset="28" sl="34" sc="9" el="34" ec="9" bec="0" bev="0" fileid="7" />
                <SequencePoint vc="1" uspid="371" ordinal="0" offset="47" sl="35" sc="9" el="35" ec="9" bec="0" bev="0" fileid="7" />
                <SequencePoint vc="1" uspid="372" ordinal="0" offset="55" sl="37" sc="9" el="37" ec="9" bec="0" bev="0" fileid="7" />
                <SequencePoint vc="1" uspid="373" ordinal="0" offset="83" sl="38" sc="5" el="38" ec="5" bec="0" bev="0" fileid="7" />
              </SequencePoints>
              <BranchPoints />
            </Method>
          </Methods>
        </Class>
        <Class>
          <Summary numSequencePoints="5" visitedSequencePoints="5" numBranchPoints="0" visitedBranchPoints="0" sequenceCoverage="100.0" branchCoverage="0.0" maxCyclomaticComplexity="0" minCyclomaticComplexity="0" maxCrapScore="0" minCrapScore="0" visitedClasses="1" numClasses="1" visitedMethods="1" numMethods="1" />
          <FullName>GameFieldTests</FullName>
          <Methods>
            <Method visited="true" cyclomaticComplexity="0" nPathComplexity="0" sequenceCoverage="100.0" branchCoverage="0" crapScore="0" isConstructor="false" isStatic="false" isGetter="false" isSetter="false">
              <Summary numSequencePoints="5" visitedSequencePoints="5" numBranchPoints="0" visitedBranchPoints="0" sequenceCoverage="100.0" branchCoverage="0" maxCyclomaticComplexity="0" minCyclomaticComplexity="0" maxCrapScore="0" minCrapScore="0" visitedClasses="0" numClasses="0" visitedMethods="1" numMethods="1" />
              <MetadataToken>100663337</MetadataToken>
              <Name>System.Void GameFieldTests::Setup()</Name>
              <FileRef uid="8" />
              <SequencePoints>
                <SequencePoint vc="6" uspid="374" ordinal="0" offset="0" sl="12" sc="5" el="12" ec="5" bec="0" bev="0" fileid="8" />
                <SequencePoint vc="6" uspid="375" ordinal="0" offset="1" sl="13" sc="9" el="13" ec="9" bec="0" bev="0" fileid="8" />
                <SequencePoint vc="6" uspid="376" ordinal="0" offset="7" sl="14" sc="9" el="14" ec="9" bec="0" bev="0" fileid="8" />
                <SequencePoint vc="6" uspid="377" ordinal="0" offset="19" sl="15" sc="9" el="15" ec="9" bec="0" bev="0" fileid="8" />
                <SequencePoint vc="6" uspid="378" ordinal="0" offset="35" sl="16" sc="5" el="16" ec="5" bec="0" bev="0" fileid="8" />
              </SequencePoints>
              <BranchPoints />
            </Method>
          </Methods>
        </Class>
        <Class>
          <Summary numSequencePoints="22" visitedSequencePoints="21" numBranchPoints="0" visitedBranchPoints="0" sequenceCoverage="95.45" branchCoverage="0.0" maxCyclomaticComplexity="0" minCyclomaticComplexity="0" maxCrapScore="0" minCrapScore="0" visitedClasses="1" numClasses="1" visitedMethods="4" numMethods="4" />
          <FullName>SaveManagerTests</FullName>
          <Methods>
            <Method visited="true" cyclomaticComplexity="0" nPathComplexity="0" sequenceCoverage="100.0" branchCoverage="0" crapScore="0" isConstructor="false" isStatic="false" isGetter="false" isSetter="false">
              <Summary numSequencePoints="3" visitedSequencePoints="3" numBranchPoints="0" visitedBranchPoints="0" sequenceCoverage="100.0" branchCoverage="0" maxCyclomaticComplexity="0" minCyclomaticComplexity="0" maxCrapScore="0" minCrapScore="0" visitedClasses="0" numClasses="0" visitedMethods="1" numMethods="1" />
              <MetadataToken>100663345</MetadataToken>
              <Name>System.Void SaveManagerTests::Setup()</Name>
              <FileRef uid="9" />
              <SequencePoints>
                <SequencePoint vc="3" uspid="429" ordinal="0" offset="0" sl="13" sc="5" el="13" ec="5" bec="0" bev="0" fileid="9" />
                <SequencePoint vc="3" uspid="430" ordinal="0" offset="1" sl="14" sc="9" el="14" ec="9" bec="0" bev="0" fileid="9" />
                <SequencePoint vc="3" uspid="431" ordinal="0" offset="22" sl="15" sc="5" el="15" ec="5" bec="0" bev="0" fileid="9" />
              </SequencePoints>
              <BranchPoints />
            </Method>
            <Method visited="true" cyclomaticComplexity="0" nPathComplexity="0" sequenceCoverage="100.0" branchCoverage="0" crapScore="0" isConstructor="false" isStatic="false" isGetter="false" isSetter="false">
              <Summary numSequencePoints="5" visitedSequencePoints="5" numBranchPoints="0" visitedBranchPoints="0" sequenceCoverage="100.0" branchCoverage="0" maxCyclomaticComplexity="0" minCyclomaticComplexity="0" maxCrapScore="0" minCrapScore="0" visitedClasses="0" numClasses="0" visitedMethods="1" numMethods="1" />
              <MetadataToken>100663346</MetadataToken>
              <Name>System.Void SaveManagerTests::SaveGame_ShouldCreateFile()</Name>
              <FileRef uid="9" />
              <SequencePoints>
                <SequencePoint vc="1" uspid="432" ordinal="0" offset="0" sl="19" sc="5" el="19" ec="5" bec="0" bev="0" fileid="9" />
                <SequencePoint vc="1" uspid="433" ordinal="0" offset="1" sl="20" sc="9" el="20" ec="9" bec="0" bev="0" fileid="9" />
                <SequencePoint vc="1" uspid="434" ordinal="0" offset="27" sl="21" sc="9" el="21" ec="9" bec="0" bev="0" fileid="9" />
                <SequencePoint vc="1" uspid="435" ordinal="0" offset="41" sl="23" sc="9" el="23" ec="9" bec="0" bev="0" fileid="9" />
                <SequencePoint vc="1" uspid="436" ordinal="0" offset="82" sl="24" sc="5" el="24" ec="5" bec="0" bev="0" fileid="9" />
              </SequencePoints>
              <BranchPoints />
            </Method>
            <Method visited="true" cyclomaticComplexity="0" nPathComplexity="0" sequenceCoverage="100.0" branchCoverage="0" crapScore="0" isConstructor="false" isStatic="false" isGetter="false" isSetter="false">
              <Summary numSequencePoints="9" visitedSequencePoints="9" numBranchPoints="0" visitedBranchPoints="0" sequenceCoverage="100.0" branchCoverage="0" maxCyclomaticComplexity="0" minCyclomaticComplexity="0" maxCrapScore="0" minCrapScore="0" visitedClasses="0" numClasses="0" visitedMethods="1" numMethods="1" />
              <MetadataToken>100663347</MetadataToken>
              <Name>System.Void SaveManagerTests::LoadGame_ShouldReturnSavedData()</Name>
              <FileRef uid="9" />
              <SequencePoints>
                <SequencePoint vc="1" uspid="437" ordinal="0" offset="0" sl="28" sc="5" el="28" ec="5" bec="0" bev="0" fileid="9" />
                <SequencePoint vc="1" uspid="438" ordinal="0" offset="1" sl="29" sc="9" el="29" ec="9" bec="0" bev="0" fileid="9" />
                <SequencePoint vc="1" uspid="439" ordinal="0" offset="27" sl="30" sc="9" el="30" ec="9" bec="0" bev="0" fileid="9" />
                <SequencePoint vc="1" uspid="440" ordinal="0" offset="41" sl="32" sc="9" el="32" ec="9" bec="0" bev="0" fileid="9" />
                <SequencePoint vc="1" uspid="441" ordinal="0" offset="47" sl="34" sc="9" el="34" ec="9" bec="0" bev="0" fileid="9" />
                <SequencePoint vc="1" uspid="442" ordinal="0" offset="69" sl="35" sc="9" el="35" ec="9" bec="0" bev="0" fileid="9" />
                <SequencePoint vc="1" uspid="443" ordinal="0" offset="98" sl="36" sc="9" el="36" ec="9" bec="0" bev="0" fileid="9" />
                <SequencePoint vc="1" uspid="444" ordinal="0" offset="130" sl="37" sc="9" el="37" ec="9" bec="0" bev="0" fileid="9" />
                <SequencePoint vc="1" uspid="445" ordinal="0" offset="163" sl="38" sc="5" el="38" ec="5" bec="0" bev="0" fileid="9" />
              </SequencePoints>
              <BranchPoints />
            </Method>
            <Method visited="true" cyclomaticComplexity="0" nPathComplexity="0" sequenceCoverage="80.00" branchCoverage="0" crapScore="0" isConstructor="false" isStatic="false" isGetter="false" isSetter="false">
              <Summary numSequencePoints="5" visitedSequencePoints="4" numBranchPoints="0" visitedBranchPoints="0" sequenceCoverage="80.00" branchCoverage="0" maxCyclomaticComplexity="0" minCyclomaticComplexity="0" maxCrapScore="0" minCrapScore="0" visitedClasses="0" numClasses="0" visitedMethods="1" numMethods="1" />
              <MetadataToken>100663348</MetadataToken>
              <Name>System.Void SaveManagerTests::LoadGame_ShouldReturnNull_WhenNoFile()</Name>
              <FileRef uid="9" />
              <SequencePoints>
                <SequencePoint vc="1" uspid="446" ordinal="0" offset="0" sl="42" sc="5" el="42" ec="5" bec="0" bev="0" fileid="9" />
                <SequencePoint vc="1" uspid="447" ordinal="0" offset="1" sl="43" sc="9" el="43" ec="9" bec="0" bev="0" fileid="9" />
                <SequencePoint vc="1" uspid="448" ordinal="0" offset="13" sl="44" sc="9" el="44" ec="9" bec="0" bev="0" fileid="9" />
                <SequencePoint vc="1" uspid="449" ordinal="0" offset="19" sl="46" sc="9" el="46" ec="9" bec="0" bev="0" fileid="9" />
                <SequencePoint vc="0" uspid="450" ordinal="0" offset="41" sl="47" sc="5" el="47" ec="5" bec="0" bev="0" fileid="9" />
              </SequencePoints>
              <BranchPoints />
            </Method>
          </Methods>
        </Class>
        <Class>
          <Summary numSequencePoints="1" visitedSequencePoints="1" numBranchPoints="0" visitedBranchPoints="0" sequenceCoverage="100.0" branchCoverage="0.0" maxCyclomaticComplexity="0" minCyclomaticComplexity="0" maxCrapScore="0" minCrapScore="0" visitedClasses="1" numClasses="1" visitedMethods="1" numMethods="1" />
          <FullName>CellTests/&lt;&gt;c__DisplayClass1_0</FullName>
          <Methods>
            <Method visited="true" cyclomaticComplexity="0" nPathComplexity="0" sequenceCoverage="100.0" branchCoverage="0" crapScore="0" isConstructor="false" isStatic="false" isGetter="false" isSetter="false">
              <Summary numSequencePoints="1" visitedSequencePoints="1" numBranchPoints="0" visitedBranchPoints="0" sequenceCoverage="100.0" branchCoverage="0" maxCyclomaticComplexity="0" minCyclomaticComplexity="0" maxCrapScore="0" minCrapScore="0" visitedClasses="0" numClasses="0" visitedMethods="1" numMethods="1" />
              <MetadataToken>100663361</MetadataToken>
              <Name>System.Void CellTests/&lt;&gt;c__DisplayClass1_0::&lt;Cell_ShouldTriggerEvent_OnValueChange&gt;b__0(System.Int32)</Name>
              <FileRef uid="7" />
              <SequencePoints>
                <SequencePoint vc="1" uspid="456" ordinal="0" offset="0" sl="22" sc="37" el="22" ec="37" bec="0" bev="0" fileid="7" />
              </SequencePoints>
              <BranchPoints />
            </Method>
          </Methods>
        </Class>
      </Classes>
    </Module>
  </Modules>
</CoverageSession>