<?xml version="1.0" encoding="utf-8"?>
<CoverageSession xmlns:xsd="http://www.w3.org/2001/XMLSchema" xmlns:xsi="http://www.w3.org/2001/XMLSchema-instance" Version="0.0.0.0">
  <Summary numSequencePoints="413" visitedSequencePoints="367" numBranchPoints="0" visitedBranchPoints="0" sequenceCoverage="88.86" branchCoverage="0.0" maxCyclomaticComplexity="0" minCyclomaticComplexity="0" maxCrapScore="0" minCrapScore="0" visitedClasses="10" numClasses="10" visitedMethods="48" numMethods="48" />
  <Modules>
    <Module>
      <Summary numSequencePoints="413" visitedSequencePoints="367" numBranchPoints="0" visitedBranchPoints="0" sequenceCoverage="88.86" branchCoverage="0.0" maxCyclomaticComplexity="0" minCyclomaticComplexity="0" maxCrapScore="0" minCrapScore="0" visitedClasses="10" numClasses="10" visitedMethods="48" numMethods="48" />
      <ModuleTime>0001-01-01T00:00:00</ModuleTime>
      <ModuleName>Assembly-CSharp</ModuleName>
      <Files>
        <File uid="1" fullPath="/Users/andrejnikonov/Documents/UnityProjects/Lab1_2048/Assets/Scripts/Cell.cs" />
        <File uid="2" fullPath="/Users/andrejnikonov/Documents/UnityProjects/Lab1_2048/Assets/Scripts/CellView.cs" />
        <File uid="3" fullPath="/Users/andrejnikonov/Documents/UnityProjects/Lab1_2048/Assets/Scripts/Data.cs" />
        <File uid="4" fullPath="/Users/andrejnikonov/Documents/UnityProjects/Lab1_2048/Assets/Scripts/GameField.cs" />
        <File uid="5" fullPath="/Users/andrejnikonov/Documents/UnityProjects/Lab1_2048/Assets/Scripts/InputManager.cs" />
        <File uid="6" fullPath="/Users/andrejnikonov/Documents/UnityProjects/Lab1_2048/Assets/Scripts/SaveManager.cs" />
        <File uid="7" fullPath="/Users/andrejnikonov/Documents/UnityProjects/Lab1_2048/Assets/Tests/Tests.cs" />
      </Files>
      <Classes>
        <Class>
          <Summary numSequencePoints="21" visitedSequencePoints="21" numBranchPoints="0" visitedBranchPoints="0" sequenceCoverage="100.0" branchCoverage="0.0" maxCyclomaticComplexity="0" minCyclomaticComplexity="0" maxCrapScore="0" minCrapScore="0" visitedClasses="1" numClasses="1" visitedMethods="5" numMethods="5" />
          <FullName>Cell</FullName>
          <Methods>
            <Method visited="true" cyclomaticComplexity="0" nPathComplexity="0" sequenceCoverage="100.0" branchCoverage="0" crapScore="0" isConstructor="false" isStatic="false" isGetter="true" isSetter="false">
              <Summary numSequencePoints="1" visitedSequencePoints="1" numBranchPoints="0" visitedBranchPoints="0" sequenceCoverage="100.0" branchCoverage="0" maxCyclomaticComplexity="0" minCyclomaticComplexity="0" maxCrapScore="0" minCrapScore="0" visitedClasses="0" numClasses="0" visitedMethods="1" numMethods="1" />
              <MetadataToken>100663297</MetadataToken>
              <Name>UnityEngine.Vector2Int Cell::get_Coords()</Name>
              <FileRef uid="1" />
              <SequencePoints>
                <SequencePoint vc="1057" uspid="516" ordinal="0" offset="0" sl="10" sc="16" el="10" ec="16" bec="0" bev="0" fileid="1" />
              </SequencePoints>
              <BranchPoints />
            </Method>
            <Method visited="true" cyclomaticComplexity="0" nPathComplexity="0" sequenceCoverage="100.0" branchCoverage="0" crapScore="0" isConstructor="false" isStatic="false" isGetter="false" isSetter="true">
              <Summary numSequencePoints="7" visitedSequencePoints="7" numBranchPoints="0" visitedBranchPoints="0" sequenceCoverage="100.0" branchCoverage="0" maxCyclomaticComplexity="0" minCyclomaticComplexity="0" maxCrapScore="0" minCrapScore="0" visitedClasses="0" numClasses="0" visitedMethods="1" numMethods="1" />
              <MetadataToken>100663298</MetadataToken>
              <Name>System.Void Cell::set_Coords(UnityEngine.Vector2Int)</Name>
              <FileRef uid="1" />
              <SequencePoints>
                <SequencePoint vc="55" uspid="517" ordinal="0" offset="0" sl="12" sc="9" el="12" ec="9" bec="0" bev="0" fileid="1" />
                <SequencePoint vc="55" uspid="518" ordinal="0" offset="1" sl="13" sc="13" el="13" ec="13" bec="0" bev="0" fileid="1" />
                <SequencePoint vc="44" uspid="519" ordinal="0" offset="17" sl="14" sc="13" el="14" ec="13" bec="0" bev="0" fileid="1" />
                <SequencePoint vc="44" uspid="520" ordinal="0" offset="18" sl="15" sc="17" el="15" ec="17" bec="0" bev="0" fileid="1" />
                <SequencePoint vc="44" uspid="521" ordinal="0" offset="25" sl="16" sc="17" el="16" ec="17" bec="0" bev="0" fileid="1" />
                <SequencePoint vc="44" uspid="522" ordinal="0" offset="49" sl="17" sc="13" el="17" ec="13" bec="0" bev="0" fileid="1" />
                <SequencePoint vc="55" uspid="523" ordinal="0" offset="50" sl="18" sc="9" el="18" ec="9" bec="0" bev="0" fileid="1" />
              </SequencePoints>
              <BranchPoints />
            </Method>
            <Method visited="true" cyclomaticComplexity="0" nPathComplexity="0" sequenceCoverage="100.0" branchCoverage="0" crapScore="0" isConstructor="false" isStatic="false" isGetter="true" isSetter="false">
              <Summary numSequencePoints="1" visitedSequencePoints="1" numBranchPoints="0" visitedBranchPoints="0" sequenceCoverage="100.0" branchCoverage="0" maxCyclomaticComplexity="0" minCyclomaticComplexity="0" maxCrapScore="0" minCrapScore="0" visitedClasses="0" numClasses="0" visitedMethods="1" numMethods="1" />
              <MetadataToken>100663299</MetadataToken>
              <Name>System.Int32 Cell::get_Num()</Name>
              <FileRef uid="1" />
              <SequencePoints>
                <SequencePoint vc="107" uspid="524" ordinal="0" offset="0" sl="24" sc="16" el="24" ec="16" bec="0" bev="0" fileid="1" />
              </SequencePoints>
              <BranchPoints />
            </Method>
            <Method visited="true" cyclomaticComplexity="0" nPathComplexity="0" sequenceCoverage="100.0" branchCoverage="0" crapScore="0" isConstructor="false" isStatic="false" isGetter="false" isSetter="true">
              <Summary numSequencePoints="7" visitedSequencePoints="7" numBranchPoints="0" visitedBranchPoints="0" sequenceCoverage="100.0" branchCoverage="0" maxCyclomaticComplexity="0" minCyclomaticComplexity="0" maxCrapScore="0" minCrapScore="0" visitedClasses="0" numClasses="0" visitedMethods="1" numMethods="1" />
              <MetadataToken>100663300</MetadataToken>
              <Name>System.Void Cell::set_Num(System.Int32)</Name>
              <FileRef uid="1" />
              <SequencePoints>
                <SequencePoint vc="19" uspid="525" ordinal="0" offset="0" sl="26" sc="9" el="26" ec="9" bec="0" bev="0" fileid="1" />
                <SequencePoint vc="19" uspid="526" ordinal="0" offset="1" sl="27" sc="13" el="27" ec="13" bec="0" bev="0" fileid="1" />
                <SequencePoint vc="17" uspid="527" ordinal="0" offset="17" sl="28" sc="13" el="28" ec="13" bec="0" bev="0" fileid="1" />
                <SequencePoint vc="17" uspid="528" ordinal="0" offset="18" sl="29" sc="17" el="29" ec="17" bec="0" bev="0" fileid="1" />
                <SequencePoint vc="17" uspid="529" ordinal="0" offset="25" sl="30" sc="17" el="30" ec="17" bec="0" bev="0" fileid="1" />
                <SequencePoint vc="17" uspid="530" ordinal="0" offset="49" sl="31" sc="13" el="31" ec="13" bec="0" bev="0" fileid="1" />
                <SequencePoint vc="19" uspid="531" ordinal="0" offset="50" sl="32" sc="9" el="32" ec="9" bec="0" bev="0" fileid="1" />
              </SequencePoints>
              <BranchPoints />
            </Method>
            <Method visited="true" cyclomaticComplexity="0" nPathComplexity="0" sequenceCoverage="100.0" branchCoverage="0" crapScore="0" isConstructor="true" isStatic="false" isGetter="false" isSetter="false">
              <Summary numSequencePoints="5" visitedSequencePoints="5" numBranchPoints="0" visitedBranchPoints="0" sequenceCoverage="100.0" branchCoverage="0" maxCyclomaticComplexity="0" minCyclomaticComplexity="0" maxCrapScore="0" minCrapScore="0" visitedClasses="0" numClasses="0" visitedMethods="1" numMethods="1" />
              <MetadataToken>100663305</MetadataToken>
              <Name>Cell::Cell(UnityEngine.Vector2Int, System.Int32)</Name>
              <FileRef uid="1" />
              <SequencePoints>
                <SequencePoint vc="49" uspid="532" ordinal="0" offset="0" sl="38" sc="5" el="38" ec="5" bec="0" bev="0" fileid="1" />
                <SequencePoint vc="49" uspid="533" ordinal="0" offset="7" sl="39" sc="5" el="39" ec="5" bec="0" bev="0" fileid="1" />
                <SequencePoint vc="49" uspid="534" ordinal="0" offset="8" sl="40" sc="9" el="40" ec="9" bec="0" bev="0" fileid="1" />
                <SequencePoint vc="49" uspid="535" ordinal="0" offset="16" sl="41" sc="9" el="41" ec="9" bec="0" bev="0" fileid="1" />
                <SequencePoint vc="49" uspid="536" ordinal="0" offset="23" sl="42" sc="5" el="42" ec="5" bec="0" bev="0" fileid="1" />
              </SequencePoints>
              <BranchPoints />
            </Method>
          </Methods>
        </Class>
        <Class>
          <Summary numSequencePoints="18" visitedSequencePoints="18" numBranchPoints="0" visitedBranchPoints="0" sequenceCoverage="100.0" branchCoverage="0.0" maxCyclomaticComplexity="0" minCyclomaticComplexity="0" maxCrapScore="0" minCrapScore="0" visitedClasses="1" numClasses="1" visitedMethods="4" numMethods="4" />
          <FullName>CellView</FullName>
          <Methods>
            <Method visited="true" cyclomaticComplexity="0" nPathComplexity="0" sequenceCoverage="100.0" branchCoverage="0" crapScore="0" isConstructor="false" isStatic="false" isGetter="false" isSetter="false">
              <Summary numSequencePoints="6" visitedSequencePoints="6" numBranchPoints="0" visitedBranchPoints="0" sequenceCoverage="100.0" branchCoverage="0" maxCyclomaticComplexity="0" minCyclomaticComplexity="0" maxCrapScore="0" minCrapScore="0" visitedClasses="0" numClasses="0" visitedMethods="1" numMethods="1" />
              <MetadataToken>100663306</MetadataToken>
              <Name>System.Void CellView::Init(Cell)</Name>
              <FileRef uid="2" />
              <SequencePoints>
                <SequencePoint vc="3" uspid="537" ordinal="0" offset="0" sl="17" sc="5" el="17" ec="5" bec="0" bev="0" fileid="2" />
                <SequencePoint vc="3" uspid="538" ordinal="0" offset="1" sl="18" sc="9" el="18" ec="9" bec="0" bev="0" fileid="2" />
                <SequencePoint vc="1" uspid="539" ordinal="0" offset="14" sl="20" sc="9" el="20" ec="9" bec="0" bev="0" fileid="2" />
                <SequencePoint vc="1" uspid="540" ordinal="0" offset="33" sl="21" sc="9" el="21" ec="9" bec="0" bev="0" fileid="2" />
                <SequencePoint vc="1" uspid="541" ordinal="0" offset="52" sl="23" sc="9" el="23" ec="9" bec="0" bev="0" fileid="2" />
                <SequencePoint vc="1" uspid="542" ordinal="0" offset="128" sl="24" sc="5" el="24" ec="5" bec="0" bev="0" fileid="2" />
              </SequencePoints>
              <BranchPoints />
            </Method>
            <Method visited="true" cyclomaticComplexity="0" nPathComplexity="0" sequenceCoverage="100.0" branchCoverage="0" crapScore="0" isConstructor="false" isStatic="false" isGetter="false" isSetter="false">
              <Summary numSequencePoints="5" visitedSequencePoints="5" numBranchPoints="0" visitedBranchPoints="0" sequenceCoverage="100.0" branchCoverage="0" maxCyclomaticComplexity="0" minCyclomaticComplexity="0" maxCrapScore="0" minCrapScore="0" visitedClasses="0" numClasses="0" visitedMethods="1" numMethods="1" />
              <MetadataToken>100663307</MetadataToken>
              <Name>System.Void CellView::UpdateValue(System.Int32)</Name>
              <FileRef uid="2" />
              <SequencePoints>
                <SequencePoint vc="5" uspid="543" ordinal="0" offset="0" sl="27" sc="5" el="27" ec="5" bec="0" bev="0" fileid="2" />
                <SequencePoint vc="5" uspid="544" ordinal="0" offset="1" sl="28" sc="9" el="28" ec="9" bec="0" bev="0" fileid="2" />
                <SequencePoint vc="5" uspid="545" ordinal="0" offset="37" sl="30" sc="9" el="30" ec="9" bec="0" bev="0" fileid="2" />
                <SequencePoint vc="5" uspid="546" ordinal="0" offset="59" sl="31" sc="9" el="31" ec="9" bec="0" bev="0" fileid="2" />
                <SequencePoint vc="2" uspid="547" ordinal="0" offset="89" sl="32" sc="5" el="32" ec="5" bec="0" bev="0" fileid="2" />
              </SequencePoints>
              <BranchPoints />
            </Method>
            <Method visited="true" cyclomaticComplexity="0" nPathComplexity="0" sequenceCoverage="100.0" branchCoverage="0" crapScore="0" isConstructor="false" isStatic="false" isGetter="false" isSetter="false">
              <Summary numSequencePoints="3" visitedSequencePoints="3" numBranchPoints="0" visitedBranchPoints="0" sequenceCoverage="100.0" branchCoverage="0" maxCyclomaticComplexity="0" minCyclomaticComplexity="0" maxCrapScore="0" minCrapScore="0" visitedClasses="0" numClasses="0" visitedMethods="1" numMethods="1" />
              <MetadataToken>100663308</MetadataToken>
              <Name>System.Void CellView::UpdatePosition(UnityEngine.Vector2Int)</Name>
              <FileRef uid="2" />
              <SequencePoints>
                <SequencePoint vc="1" uspid="548" ordinal="0" offset="0" sl="35" sc="5" el="35" ec="5" bec="0" bev="0" fileid="2" />
                <SequencePoint vc="1" uspid="549" ordinal="0" offset="1" sl="36" sc="9" el="36" ec="9" bec="0" bev="0" fileid="2" />
                <SequencePoint vc="1" uspid="550" ordinal="0" offset="63" sl="37" sc="5" el="37" ec="5" bec="0" bev="0" fileid="2" />
              </SequencePoints>
              <BranchPoints />
            </Method>
            <Method visited="true" cyclomaticComplexity="0" nPathComplexity="0" sequenceCoverage="100.0" branchCoverage="0" crapScore="0" isConstructor="true" isStatic="false" isGetter="false" isSetter="false">
              <Summary numSequencePoints="4" visitedSequencePoints="4" numBranchPoints="0" visitedBranchPoints="0" sequenceCoverage="100.0" branchCoverage="0" maxCyclomaticComplexity="0" minCyclomaticComplexity="0" maxCrapScore="0" minCrapScore="0" visitedClasses="0" numClasses="0" visitedMethods="1" numMethods="1" />
              <MetadataToken>100663310</MetadataToken>
              <Name>CellView::CellView()</Name>
              <FileRef uid="2" />
              <SequencePoints>
                <SequencePoint vc="7" uspid="554" ordinal="0" offset="0" sl="10" sc="5" el="10" ec="5" bec="0" bev="0" fileid="2" />
                <SequencePoint vc="7" uspid="555" ordinal="0" offset="11" sl="11" sc="5" el="11" ec="5" bec="0" bev="0" fileid="2" />
                <SequencePoint vc="7" uspid="556" ordinal="0" offset="22" sl="13" sc="5" el="13" ec="5" bec="0" bev="0" fileid="2" />
                <SequencePoint vc="7" uspid="557" ordinal="0" offset="29" sl="14" sc="5" el="14" ec="5" bec="0" bev="0" fileid="2" />
              </SequencePoints>
              <BranchPoints />
            </Method>
          </Methods>
        </Class>
        <Class>
          <Summary numSequencePoints="13" visitedSequencePoints="13" numBranchPoints="0" visitedBranchPoints="0" sequenceCoverage="100.0" branchCoverage="0.0" maxCyclomaticComplexity="0" minCyclomaticComplexity="0" maxCrapScore="0" minCrapScore="0" visitedClasses="1" numClasses="1" visitedMethods="1" numMethods="1" />
          <FullName>GameData</FullName>
          <Methods>
            <Method visited="true" cyclomaticComplexity="0" nPathComplexity="0" sequenceCoverage="100.0" branchCoverage="0" crapScore="0" isConstructor="true" isStatic="false" isGetter="false" isSetter="false">
              <Summary numSequencePoints="13" visitedSequencePoints="13" numBranchPoints="0" visitedBranchPoints="0" sequenceCoverage="100.0" branchCoverage="0" maxCyclomaticComplexity="0" minCyclomaticComplexity="0" maxCrapScore="0" minCrapScore="0" visitedClasses="0" numClasses="0" visitedMethods="1" numMethods="1" />
              <MetadataToken>100663311</MetadataToken>
              <Name>GameData::GameData(System.Int32, System.Int32, System.Collections.Generic.List[Cell])</Name>
              <FileRef uid="3" />
              <SequencePoints>
                <SequencePoint vc="2" uspid="558" ordinal="0" offset="0" sl="11" sc="5" el="11" ec="5" bec="0" bev="0" fileid="3" />
                <SequencePoint vc="2" uspid="559" ordinal="0" offset="7" sl="12" sc="5" el="12" ec="5" bec="0" bev="0" fileid="3" />
                <SequencePoint vc="2" uspid="560" ordinal="0" offset="8" sl="13" sc="9" el="13" ec="9" bec="0" bev="0" fileid="3" />
                <SequencePoint vc="2" uspid="561" ordinal="0" offset="15" sl="14" sc="9" el="14" ec="9" bec="0" bev="0" fileid="3" />
                <SequencePoint vc="2" uspid="562" ordinal="0" offset="22" sl="15" sc="9" el="15" ec="9" bec="0" bev="0" fileid="3" />
                <SequencePoint vc="2" uspid="563" ordinal="0" offset="33" sl="17" sc="9" el="17" ec="9" bec="0" bev="0" fileid="3" />
                <SequencePoint vc="2" uspid="564" ordinal="0" offset="34" sl="17" sc="31" el="17" ec="31" bec="0" bev="0" fileid="3" />
                <SequencePoint vc="2" uspid="565" ordinal="0" offset="43" sl="17" sc="18" el="17" ec="18" bec="0" bev="0" fileid="3" />
                <SequencePoint vc="2" uspid="566" ordinal="0" offset="51" sl="18" sc="9" el="18" ec="9" bec="0" bev="0" fileid="3" />
                <SequencePoint vc="2" uspid="567" ordinal="0" offset="52" sl="19" sc="13" el="19" ec="13" bec="0" bev="0" fileid="3" />
                <SequencePoint vc="2" uspid="568" ordinal="0" offset="103" sl="20" sc="9" el="20" ec="9" bec="0" bev="0" fileid="3" />
                <SequencePoint vc="4" uspid="569" ordinal="0" offset="104" sl="17" sc="28" el="17" ec="28" bec="0" bev="0" fileid="3" />
                <SequencePoint vc="2" uspid="570" ordinal="0" offset="130" sl="21" sc="5" el="21" ec="5" bec="0" bev="0" fileid="3" />
              </SequencePoints>
              <BranchPoints />
            </Method>
          </Methods>
        </Class>
        <Class>
          <Summary numSequencePoints="6" visitedSequencePoints="6" numBranchPoints="0" visitedBranchPoints="0" sequenceCoverage="100.0" branchCoverage="0.0" maxCyclomaticComplexity="0" minCyclomaticComplexity="0" maxCrapScore="0" minCrapScore="0" visitedClasses="1" numClasses="1" visitedMethods="1" numMethods="1" />
          <FullName>CellData</FullName>
          <Methods>
            <Method visited="true" cyclomaticComplexity="0" nPathComplexity="0" sequenceCoverage="100.0" branchCoverage="0" crapScore="0" isConstructor="true" isStatic="false" isGetter="false" isSetter="false">
              <Summary numSequencePoints="6" visitedSequencePoints="6" numBranchPoints="0" visitedBranchPoints="0" sequenceCoverage="100.0" branchCoverage="0" maxCyclomaticComplexity="0" minCyclomaticComplexity="0" maxCrapScore="0" minCrapScore="0" visitedClasses="0" numClasses="0" visitedMethods="1" numMethods="1" />
              <MetadataToken>100663312</MetadataToken>
              <Name>CellData::CellData(System.Int32, System.Int32, System.Int32)</Name>
              <FileRef uid="3" />
              <SequencePoints>
                <SequencePoint vc="2" uspid="571" ordinal="0" offset="0" sl="29" sc="5" el="29" ec="5" bec="0" bev="0" fileid="3" />
                <SequencePoint vc="2" uspid="572" ordinal="0" offset="7" sl="30" sc="5" el="30" ec="5" bec="0" bev="0" fileid="3" />
                <SequencePoint vc="2" uspid="573" ordinal="0" offset="8" sl="31" sc="9" el="31" ec="9" bec="0" bev="0" fileid="3" />
                <SequencePoint vc="2" uspid="574" ordinal="0" offset="15" sl="32" sc="9" el="32" ec="9" bec="0" bev="0" fileid="3" />
                <SequencePoint vc="2" uspid="575" ordinal="0" offset="22" sl="33" sc="9" el="33" ec="9" bec="0" bev="0" fileid="3" />
                <SequencePoint vc="2" uspid="576" ordinal="0" offset="29" sl="34" sc="5" el="34" ec="5" bec="0" bev="0" fileid="3" />
              </SequencePoints>
              <BranchPoints />
            </Method>
          </Methods>
        </Class>
        <Class>
          <Summary numSequencePoints="171" visitedSequencePoints="136" numBranchPoints="0" visitedBranchPoints="0" sequenceCoverage="79.53" branchCoverage="0.0" maxCyclomaticComplexity="0" minCyclomaticComplexity="0" maxCrapScore="0" minCrapScore="0" visitedClasses="1" numClasses="1" visitedMethods="9" numMethods="9" />
          <FullName>GameField</FullName>
          <Methods>
            <Method visited="true" cyclomaticComplexity="0" nPathComplexity="0" sequenceCoverage="100.0" branchCoverage="0" crapScore="0" isConstructor="false" isStatic="false" isGetter="false" isSetter="false">
              <Summary numSequencePoints="33" visitedSequencePoints="33" numBranchPoints="0" visitedBranchPoints="0" sequenceCoverage="100.0" branchCoverage="0" maxCyclomaticComplexity="0" minCyclomaticComplexity="0" maxCrapScore="0" minCrapScore="0" visitedClasses="0" numClasses="0" visitedMethods="1" numMethods="1" />
              <MetadataToken>100663313</MetadataToken>
              <Name>UnityEngine.Vector2Int GameField::GetEmptyPosition()</Name>
              <FileRef uid="4" />
              <SequencePoints>
                <SequencePoint vc="8" uspid="577" ordinal="0" offset="0" sl="17" sc="5" el="17" ec="5" bec="0" bev="0" fileid="4" />
                <SequencePoint vc="8" uspid="578" ordinal="0" offset="1" sl="18" sc="9" el="18" ec="9" bec="0" bev="0" fileid="4" />
                <SequencePoint vc="8" uspid="579" ordinal="0" offset="7" sl="20" sc="14" el="20" ec="14" bec="0" bev="0" fileid="4" />
                <SequencePoint vc="32" uspid="580" ordinal="0" offset="14" sl="21" sc="9" el="21" ec="9" bec="0" bev="0" fileid="4" />
                <SequencePoint vc="32" uspid="581" ordinal="0" offset="15" sl="22" sc="18" el="22" ec="18" bec="0" bev="0" fileid="4" />
                <SequencePoint vc="128" uspid="582" ordinal="0" offset="19" sl="23" sc="13" el="23" ec="13" bec="0" bev="0" fileid="4" />
                <SequencePoint vc="128" uspid="583" ordinal="0" offset="20" sl="24" sc="17" el="24" ec="17" bec="0" bev="0" fileid="4" />
                <SequencePoint vc="128" uspid="584" ordinal="0" offset="29" sl="25" sc="17" el="25" ec="17" bec="0" bev="0" fileid="4" />
                <SequencePoint vc="128" uspid="585" ordinal="0" offset="32" sl="27" sc="17" el="27" ec="17" bec="0" bev="0" fileid="4" />
                <SequencePoint vc="128" uspid="586" ordinal="0" offset="33" sl="27" sc="39" el="27" ec="39" bec="0" bev="0" fileid="4" />
                <SequencePoint vc="304" uspid="587" ordinal="0" offset="48" sl="27" sc="26" el="27" ec="26" bec="0" bev="0" fileid="4" />
                <SequencePoint vc="304" uspid="588" ordinal="0" offset="57" sl="28" sc="17" el="28" ec="17" bec="0" bev="0" fileid="4" />
                <SequencePoint vc="304" uspid="589" ordinal="0" offset="58" sl="29" sc="21" el="29" ec="21" bec="0" bev="0" fileid="4" />
                <SequencePoint vc="34" uspid="590" ordinal="0" offset="77" sl="30" sc="21" el="30" ec="21" bec="0" bev="0" fileid="4" />
                <SequencePoint vc="34" uspid="591" ordinal="0" offset="78" sl="31" sc="25" el="31" ec="25" bec="0" bev="0" fileid="4" />
                <SequencePoint vc="34" uspid="592" ordinal="0" offset="81" sl="32" sc="25" el="32" ec="25" bec="0" bev="0" fileid="4" />
                <SequencePoint vc="270" uspid="593" ordinal="0" offset="83" sl="34" sc="17" el="34" ec="17" bec="0" bev="0" fileid="4" />
                <SequencePoint vc="398" uspid="594" ordinal="0" offset="84" sl="27" sc="36" el="27" ec="36" bec="0" bev="0" fileid="4" />
                <SequencePoint vc="128" uspid="595" ordinal="0" offset="110" sl="36" sc="17" el="36" ec="17" bec="0" bev="0" fileid="4" />
                <SequencePoint vc="94" uspid="596" ordinal="0" offset="121" sl="36" sc="29" el="36" ec="29" bec="0" bev="0" fileid="4" />
                <SequencePoint vc="94" uspid="597" ordinal="0" offset="122" sl="36" sc="31" el="36" ec="31" bec="0" bev="0" fileid="4" />
                <SequencePoint vc="94" uspid="598" ordinal="0" offset="130" sl="36" sc="50" el="36" ec="50" bec="0" bev="0" fileid="4" />
                <SequencePoint vc="128" uspid="599" ordinal="0" offset="131" sl="37" sc="13" el="37" ec="13" bec="0" bev="0" fileid="4" />
                <SequencePoint vc="128" uspid="600" ordinal="0" offset="132" sl="22" sc="36" el="22" ec="36" bec="0" bev="0" fileid="4" />
                <SequencePoint vc="160" uspid="601" ordinal="0" offset="136" sl="22" sc="29" el="22" ec="29" bec="0" bev="0" fileid="4" />
                <SequencePoint vc="32" uspid="602" ordinal="0" offset="146" sl="38" sc="9" el="38" ec="9" bec="0" bev="0" fileid="4" />
                <SequencePoint vc="32" uspid="603" ordinal="0" offset="147" sl="20" sc="32" el="20" ec="32" bec="0" bev="0" fileid="4" />
                <SequencePoint vc="40" uspid="604" ordinal="0" offset="151" sl="20" sc="25" el="20" ec="25" bec="0" bev="0" fileid="4" />
                <SequencePoint vc="8" uspid="605" ordinal="0" offset="164" sl="40" sc="9" el="40" ec="9" bec="0" bev="0" fileid="4" />
                <SequencePoint vc="2" uspid="606" ordinal="0" offset="179" sl="41" sc="9" el="41" ec="9" bec="0" bev="0" fileid="4" />
                <SequencePoint vc="2" uspid="607" ordinal="0" offset="180" sl="42" sc="13" el="42" ec="13" bec="0" bev="0" fileid="4" />
                <SequencePoint vc="6" uspid="608" ordinal="0" offset="191" sl="45" sc="9" el="45" ec="9" bec="0" bev="0" fileid="4" />
                <SequencePoint vc="8" uspid="609" ordinal="0" offset="213" sl="46" sc="5" el="46" ec="5" bec="0" bev="0" fileid="4" />
              </SequencePoints>
              <BranchPoints />
            </Method>
            <Method visited="true" cyclomaticComplexity="0" nPathComplexity="0" sequenceCoverage="64.29" branchCoverage="0" crapScore="0" isConstructor="false" isStatic="false" isGetter="false" isSetter="false">
              <Summary numSequencePoints="14" visitedSequencePoints="9" numBranchPoints="0" visitedBranchPoints="0" sequenceCoverage="64.29" branchCoverage="0" maxCyclomaticComplexity="0" minCyclomaticComplexity="0" maxCrapScore="0" minCrapScore="0" visitedClasses="0" numClasses="0" visitedMethods="1" numMethods="1" />
              <MetadataToken>100663314</MetadataToken>
              <Name>System.Void GameField::CreateCell()</Name>
              <FileRef uid="4" />
              <SequencePoints>
                <SequencePoint vc="5" uspid="610" ordinal="0" offset="0" sl="49" sc="5" el="49" ec="5" bec="0" bev="0" fileid="4" />
                <SequencePoint vc="5" uspid="611" ordinal="0" offset="1" sl="50" sc="9" el="50" ec="9" bec="0" bev="0" fileid="4" />
                <SequencePoint vc="5" uspid="612" ordinal="0" offset="8" sl="51" sc="9" el="51" ec="9" bec="0" bev="0" fileid="4" />
                <SequencePoint vc="0" uspid="613" ordinal="0" offset="24" sl="51" sc="26" el="51" ec="26" bec="0" bev="0" fileid="4" />
                <SequencePoint vc="0" uspid="614" ordinal="0" offset="25" sl="51" sc="28" el="51" ec="28" bec="0" bev="0" fileid="4" />
                <SequencePoint vc="5" uspid="615" ordinal="0" offset="27" sl="53" sc="9" el="53" ec="9" bec="0" bev="0" fileid="4" />
                <SequencePoint vc="5" uspid="616" ordinal="0" offset="44" sl="55" sc="9" el="55" ec="9" bec="0" bev="0" fileid="4" />
                <SequencePoint vc="5" uspid="617" ordinal="0" offset="52" sl="56" sc="9" el="56" ec="9" bec="0" bev="0" fileid="4" />
                <SequencePoint vc="5" uspid="618" ordinal="0" offset="65" sl="58" sc="9" el="58" ec="9" bec="0" bev="0" fileid="4" />
                <SequencePoint vc="2" uspid="619" ordinal="0" offset="83" sl="59" sc="9" el="59" ec="9" bec="0" bev="0" fileid="4" />
                <SequencePoint vc="2" uspid="620" ordinal="0" offset="91" sl="60" sc="9" el="60" ec="9" bec="0" bev="0" fileid="4" />
                <SequencePoint vc="0" uspid="621" ordinal="0" offset="100" sl="62" sc="9" el="62" ec="9" bec="0" bev="0" fileid="4" />
                <SequencePoint vc="0" uspid="622" ordinal="0" offset="115" sl="64" sc="9" el="64" ec="9" bec="0" bev="0" fileid="4" />
                <SequencePoint vc="0" uspid="623" ordinal="0" offset="122" sl="65" sc="5" el="65" ec="5" bec="0" bev="0" fileid="4" />
              </SequencePoints>
              <BranchPoints />
            </Method>
            <Method visited="true" cyclomaticComplexity="0" nPathComplexity="0" sequenceCoverage="75.71" branchCoverage="0" crapScore="0" isConstructor="false" isStatic="false" isGetter="false" isSetter="false">
              <Summary numSequencePoints="70" visitedSequencePoints="53" numBranchPoints="0" visitedBranchPoints="0" sequenceCoverage="75.71" branchCoverage="0" maxCyclomaticComplexity="0" minCyclomaticComplexity="0" maxCrapScore="0" minCrapScore="0" visitedClasses="0" numClasses="0" visitedMethods="1" numMethods="1" />
              <MetadataToken>100663315</MetadataToken>
              <Name>System.Void GameField::ProcessMove(UnityEngine.Vector2Int)</Name>
              <FileRef uid="4" />
              <SequencePoints>
                <SequencePoint vc="1" uspid="624" ordinal="0" offset="0" sl="68" sc="5" el="68" ec="5" bec="0" bev="0" fileid="4" />
                <SequencePoint vc="1" uspid="625" ordinal="0" offset="1" sl="69" sc="9" el="69" ec="9" bec="0" bev="0" fileid="4" />
                <SequencePoint vc="1" uspid="626" ordinal="0" offset="3" sl="70" sc="9" el="70" ec="9" bec="0" bev="0" fileid="4" />
                <SequencePoint vc="1" uspid="627" ordinal="0" offset="9" sl="71" sc="9" el="71" ec="9" bec="0" bev="0" fileid="4" />
                <SequencePoint vc="1" uspid="628" ordinal="0" offset="10" sl="71" sc="31" el="71" ec="31" bec="0" bev="0" fileid="4" />
                <SequencePoint vc="2" uspid="629" ordinal="0" offset="24" sl="71" sc="18" el="71" ec="18" bec="0" bev="0" fileid="4" />
                <SequencePoint vc="2" uspid="630" ordinal="0" offset="33" sl="72" sc="9" el="72" ec="9" bec="0" bev="0" fileid="4" />
                <SequencePoint vc="2" uspid="631" ordinal="0" offset="34" sl="73" sc="13" el="73" ec="13" bec="0" bev="0" fileid="4" />
                <SequencePoint vc="2" uspid="632" ordinal="0" offset="44" sl="74" sc="9" el="74" ec="9" bec="0" bev="0" fileid="4" />
                <SequencePoint vc="3" uspid="633" ordinal="0" offset="45" sl="71" sc="28" el="71" ec="28" bec="0" bev="0" fileid="4" />
                <SequencePoint vc="1" uspid="634" ordinal="0" offset="71" sl="76" sc="9" el="76" ec="9" bec="0" bev="0" fileid="4" />
                <SequencePoint vc="1" uspid="635" ordinal="0" offset="87" sl="77" sc="13" el="77" ec="13" bec="0" bev="0" fileid="4" />
                <SequencePoint vc="0" uspid="636" ordinal="0" offset="135" sl="78" sc="14" el="78" ec="14" bec="0" bev="0" fileid="4" />
                <SequencePoint vc="0" uspid="637" ordinal="0" offset="151" sl="79" sc="13" el="79" ec="13" bec="0" bev="0" fileid="4" />
                <SequencePoint vc="0" uspid="638" ordinal="0" offset="196" sl="80" sc="14" el="80" ec="14" bec="0" bev="0" fileid="4" />
                <SequencePoint vc="0" uspid="639" ordinal="0" offset="212" sl="81" sc="13" el="81" ec="13" bec="0" bev="0" fileid="4" />
                <SequencePoint vc="0" uspid="640" ordinal="0" offset="257" sl="82" sc="14" el="82" ec="14" bec="0" bev="0" fileid="4" />
                <SequencePoint vc="0" uspid="641" ordinal="0" offset="273" sl="83" sc="13" el="83" ec="13" bec="0" bev="0" fileid="4" />
                <SequencePoint vc="1" uspid="642" ordinal="0" offset="316" sl="85" sc="9" el="85" ec="9" bec="0" bev="0" fileid="4" />
                <SequencePoint vc="1" uspid="643" ordinal="0" offset="322" sl="87" sc="9" el="87" ec="9" bec="0" bev="0" fileid="4" />
                <SequencePoint vc="1" uspid="644" ordinal="0" offset="323" sl="87" sc="31" el="87" ec="31" bec="0" bev="0" fileid="4" />
                <SequencePoint vc="2" uspid="645" ordinal="0" offset="341" sl="87" sc="18" el="87" ec="18" bec="0" bev="0" fileid="4" />
                <SequencePoint vc="2" uspid="646" ordinal="0" offset="350" sl="88" sc="9" el="88" ec="9" bec="0" bev="0" fileid="4" />
                <SequencePoint vc="2" uspid="647" ordinal="0" offset="351" sl="89" sc="13" el="89" ec="13" bec="0" bev="0" fileid="4" />
                <SequencePoint vc="0" uspid="648" ordinal="0" offset="365" sl="90" sc="17" el="90" ec="17" bec="0" bev="0" fileid="4" />
                <SequencePoint vc="2" uspid="649" ordinal="0" offset="370" sl="92" sc="13" el="92" ec="13" bec="0" bev="0" fileid="4" />
                <SequencePoint vc="6" uspid="650" ordinal="0" offset="378" sl="94" sc="13" el="94" ec="13" bec="0" bev="0" fileid="4" />
                <SequencePoint vc="6" uspid="651" ordinal="0" offset="379" sl="95" sc="17" el="95" ec="17" bec="0" bev="0" fileid="4" />
                <SequencePoint vc="6" uspid="652" ordinal="0" offset="382" sl="96" sc="17" el="96" ec="17" bec="0" bev="0" fileid="4" />
                <SequencePoint vc="6" uspid="653" ordinal="0" offset="397" sl="97" sc="17" el="97" ec="17" bec="0" bev="0" fileid="4" />
                <SequencePoint vc="1" uspid="654" ordinal="0" offset="414" sl="98" sc="21" el="98" ec="21" bec="0" bev="0" fileid="4" />
                <SequencePoint vc="5" uspid="655" ordinal="0" offset="419" sl="100" sc="17" el="100" ec="17" bec="0" bev="0" fileid="4" />
                <SequencePoint vc="5" uspid="656" ordinal="0" offset="429" sl="101" sc="17" el="101" ec="17" bec="0" bev="0" fileid="4" />
                <SequencePoint vc="4" uspid="657" ordinal="0" offset="440" sl="102" sc="17" el="102" ec="17" bec="0" bev="0" fileid="4" />
                <SequencePoint vc="4" uspid="658" ordinal="0" offset="441" sl="103" sc="21" el="103" ec="21" bec="0" bev="0" fileid="4" />
                <SequencePoint vc="4" uspid="659" ordinal="0" offset="451" sl="104" sc="21" el="104" ec="21" bec="0" bev="0" fileid="4" />
                <SequencePoint vc="4" uspid="660" ordinal="0" offset="454" sl="105" sc="21" el="105" ec="21" bec="0" bev="0" fileid="4" />
                <SequencePoint vc="4" uspid="661" ordinal="0" offset="456" sl="106" sc="17" el="106" ec="17" bec="0" bev="0" fileid="4" />
                <SequencePoint vc="1" uspid="662" ordinal="0" offset="459" sl="107" sc="22" el="107" ec="22" bec="0" bev="0" fileid="4" />
                <SequencePoint vc="1" uspid="663" ordinal="0" offset="505" sl="108" sc="17" el="108" ec="17" bec="0" bev="0" fileid="4" />
                <SequencePoint vc="1" uspid="664" ordinal="0" offset="506" sl="109" sc="21" el="109" ec="21" bec="0" bev="0" fileid="4" />
                <SequencePoint vc="1" uspid="665" ordinal="0" offset="526" sl="110" sc="21" el="110" ec="21" bec="0" bev="0" fileid="4" />
                <SequencePoint vc="1" uspid="666" ordinal="0" offset="536" sl="112" sc="21" el="112" ec="21" bec="0" bev="0" fileid="4" />
                <SequencePoint vc="1" uspid="667" ordinal="0" offset="545" sl="113" sc="21" el="113" ec="21" bec="0" bev="0" fileid="4" />
                <SequencePoint vc="1" uspid="668" ordinal="0" offset="547" sl="114" sc="21" el="114" ec="21" bec="0" bev="0" fileid="4" />
                <SequencePoint vc="0" uspid="669" ordinal="0" offset="549" sl="116" sc="22" el="116" ec="22" bec="0" bev="0" fileid="4" />
                <SequencePoint vc="0" uspid="670" ordinal="0" offset="550" sl="116" sc="24" el="116" ec="24" bec="0" bev="0" fileid="4" />
                <SequencePoint vc="4" uspid="671" ordinal="0" offset="552" sl="117" sc="13" el="117" ec="13" bec="0" bev="0" fileid="4" />
                <SequencePoint vc="6" uspid="672" ordinal="0" offset="553" sl="93" sc="13" el="93" ec="13" bec="0" bev="0" fileid="4" />
                <SequencePoint vc="2" uspid="673" ordinal="0" offset="564" sl="118" sc="9" el="118" ec="9" bec="0" bev="0" fileid="4" />
                <SequencePoint vc="3" uspid="674" ordinal="0" offset="565" sl="87" sc="28" el="87" ec="28" bec="0" bev="0" fileid="4" />
                <SequencePoint vc="1" uspid="675" ordinal="0" offset="594" sl="120" sc="9" el="120" ec="9" bec="0" bev="0" fileid="4" />
                <SequencePoint vc="1" uspid="676" ordinal="0" offset="595" sl="120" sc="31" el="120" ec="31" bec="0" bev="0" fileid="4" />
                <SequencePoint vc="1" uspid="677" ordinal="0" offset="605" sl="120" sc="18" el="120" ec="18" bec="0" bev="0" fileid="4" />
                <SequencePoint vc="1" uspid="678" ordinal="0" offset="614" sl="121" sc="9" el="121" ec="9" bec="0" bev="0" fileid="4" />
                <SequencePoint vc="1" uspid="679" ordinal="0" offset="615" sl="122" sc="13" el="122" ec="13" bec="0" bev="0" fileid="4" />
                <SequencePoint vc="0" uspid="680" ordinal="0" offset="636" sl="123" sc="13" el="123" ec="13" bec="0" bev="0" fileid="4" />
                <SequencePoint vc="0" uspid="681" ordinal="0" offset="637" sl="124" sc="17" el="124" ec="17" bec="0" bev="0" fileid="4" />
                <SequencePoint vc="0" uspid="682" ordinal="0" offset="650" sl="125" sc="17" el="125" ec="17" bec="0" bev="0" fileid="4" />
                <SequencePoint vc="0" uspid="683" ordinal="0" offset="664" sl="126" sc="13" el="126" ec="13" bec="0" bev="0" fileid="4" />
                <SequencePoint vc="1" uspid="684" ordinal="0" offset="665" sl="128" sc="13" el="128" ec="13" bec="0" bev="0" fileid="4" />
                <SequencePoint vc="1" uspid="685" ordinal="0" offset="679" sl="129" sc="9" el="129" ec="9" bec="0" bev="0" fileid="4" />
                <SequencePoint vc="2" uspid="686" ordinal="0" offset="680" sl="120" sc="28" el="120" ec="28" bec="0" bev="0" fileid="4" />
                <SequencePoint vc="1" uspid="687" ordinal="0" offset="706" sl="131" sc="9" el="131" ec="9" bec="0" bev="0" fileid="4" />
                <SequencePoint vc="1" uspid="688" ordinal="0" offset="713" sl="132" sc="9" el="132" ec="9" bec="0" bev="0" fileid="4" />
                <SequencePoint vc="1" uspid="689" ordinal="0" offset="714" sl="133" sc="13" el="133" ec="13" bec="0" bev="0" fileid="4" />
                <SequencePoint vc="0" uspid="690" ordinal="0" offset="721" sl="134" sc="13" el="134" ec="13" bec="0" bev="0" fileid="4" />
                <SequencePoint vc="0" uspid="691" ordinal="0" offset="728" sl="136" sc="13" el="136" ec="13" bec="0" bev="0" fileid="4" />
                <SequencePoint vc="0" uspid="692" ordinal="0" offset="735" sl="137" sc="9" el="137" ec="9" bec="0" bev="0" fileid="4" />
                <SequencePoint vc="0" uspid="693" ordinal="0" offset="736" sl="138" sc="5" el="138" ec="5" bec="0" bev="0" fileid="4" />
              </SequencePoints>
              <BranchPoints />
            </Method>
            <Method visited="true" cyclomaticComplexity="0" nPathComplexity="0" sequenceCoverage="100.0" branchCoverage="0" crapScore="0" isConstructor="false" isStatic="false" isGetter="false" isSetter="false">
              <Summary numSequencePoints="3" visitedSequencePoints="3" numBranchPoints="0" visitedBranchPoints="0" sequenceCoverage="100.0" branchCoverage="0" maxCyclomaticComplexity="0" minCyclomaticComplexity="0" maxCrapScore="0" minCrapScore="0" visitedClasses="0" numClasses="0" visitedMethods="1" numMethods="1" />
              <MetadataToken>100663316</MetadataToken>
              <Name>System.Boolean GameField::IsInsideField(UnityEngine.Vector2Int)</Name>
              <FileRef uid="4" />
              <SequencePoints>
                <SequencePoint vc="9" uspid="694" ordinal="0" offset="0" sl="141" sc="5" el="141" ec="5" bec="0" bev="0" fileid="4" />
                <SequencePoint vc="9" uspid="695" ordinal="0" offset="1" sl="142" sc="9" el="142" ec="9" bec="0" bev="0" fileid="4" />
                <SequencePoint vc="9" uspid="696" ordinal="0" offset="47" sl="143" sc="5" el="143" ec="5" bec="0" bev="0" fileid="4" />
              </SequencePoints>
              <BranchPoints />
            </Method>
            <Method visited="true" cyclomaticComplexity="0" nPathComplexity="0" sequenceCoverage="100.0" branchCoverage="0" crapScore="0" isConstructor="false" isStatic="false" isGetter="false" isSetter="false">
              <Summary numSequencePoints="3" visitedSequencePoints="3" numBranchPoints="0" visitedBranchPoints="0" sequenceCoverage="100.0" branchCoverage="0" maxCyclomaticComplexity="0" minCyclomaticComplexity="0" maxCrapScore="0" minCrapScore="0" visitedClasses="0" numClasses="0" visitedMethods="1" numMethods="1" />
              <MetadataToken>100663317</MetadataToken>
              <Name>Cell GameField::GetCellAt(UnityEngine.Vector2Int)</Name>
              <FileRef uid="4" />
              <SequencePoints>
                <SequencePoint vc="70" uspid="697" ordinal="0" offset="13" sl="146" sc="5" el="146" ec="5" bec="0" bev="0" fileid="4" />
                <SequencePoint vc="70" uspid="698" ordinal="0" offset="14" sl="147" sc="9" el="147" ec="9" bec="0" bev="0" fileid="4" />
                <SequencePoint vc="70" uspid="699" ordinal="0" offset="40" sl="148" sc="5" el="148" ec="5" bec="0" bev="0" fileid="4" />
              </SequencePoints>
              <BranchPoints />
            </Method>
            <Method visited="true" cyclomaticComplexity="0" nPathComplexity="0" sequenceCoverage="58.82" branchCoverage="0" crapScore="0" isConstructor="false" isStatic="false" isGetter="false" isSetter="false">
              <Summary numSequencePoints="17" visitedSequencePoints="10" numBranchPoints="0" visitedBranchPoints="0" sequenceCoverage="58.82" branchCoverage="0" maxCyclomaticComplexity="0" minCyclomaticComplexity="0" maxCrapScore="0" minCrapScore="0" visitedClasses="0" numClasses="0" visitedMethods="1" numMethods="1" />
              <MetadataToken>100663318</MetadataToken>
              <Name>System.Void GameField::UpdateScore()</Name>
              <FileRef uid="4" />
              <SequencePoints>
                <SequencePoint vc="1" uspid="700" ordinal="0" offset="0" sl="151" sc="5" el="151" ec="5" bec="0" bev="0" fileid="4" />
                <SequencePoint vc="1" uspid="701" ordinal="0" offset="1" sl="152" sc="9" el="152" ec="9" bec="0" bev="0" fileid="4" />
                <SequencePoint vc="1" uspid="702" ordinal="0" offset="8" sl="153" sc="9" el="153" ec="9" bec="0" bev="0" fileid="4" />
                <SequencePoint vc="1" uspid="703" ordinal="0" offset="9" sl="153" sc="31" el="153" ec="31" bec="0" bev="0" fileid="4" />
                <SequencePoint vc="2" uspid="704" ordinal="0" offset="23" sl="153" sc="18" el="153" ec="18" bec="0" bev="0" fileid="4" />
                <SequencePoint vc="2" uspid="705" ordinal="0" offset="31" sl="154" sc="9" el="154" ec="9" bec="0" bev="0" fileid="4" />
                <SequencePoint vc="2" uspid="706" ordinal="0" offset="32" sl="155" sc="13" el="155" ec="13" bec="0" bev="0" fileid="4" />
                <SequencePoint vc="2" uspid="707" ordinal="0" offset="67" sl="156" sc="9" el="156" ec="9" bec="0" bev="0" fileid="4" />
                <SequencePoint vc="3" uspid="708" ordinal="0" offset="68" sl="153" sc="28" el="153" ec="28" bec="0" bev="0" fileid="4" />
                <SequencePoint vc="1" uspid="709" ordinal="0" offset="94" sl="158" sc="9" el="158" ec="9" bec="0" bev="0" fileid="4" />
                <SequencePoint vc="0" uspid="710" ordinal="0" offset="127" sl="160" sc="9" el="160" ec="9" bec="0" bev="0" fileid="4" />
                <SequencePoint vc="0" uspid="711" ordinal="0" offset="145" sl="161" sc="9" el="161" ec="9" bec="0" bev="0" fileid="4" />
                <SequencePoint vc="0" uspid="712" ordinal="0" offset="146" sl="162" sc="13" el="162" ec="13" bec="0" bev="0" fileid="4" />
                <SequencePoint vc="0" uspid="713" ordinal="0" offset="158" sl="163" sc="13" el="163" ec="13" bec="0" bev="0" fileid="4" />
                <SequencePoint vc="0" uspid="714" ordinal="0" offset="191" sl="164" sc="9" el="164" ec="9" bec="0" bev="0" fileid="4" />
                <SequencePoint vc="0" uspid="715" ordinal="0" offset="192" sl="166" sc="9" el="166" ec="9" bec="0" bev="0" fileid="4" />
                <SequencePoint vc="0" uspid="716" ordinal="0" offset="216" sl="167" sc="5" el="167" ec="5" bec="0" bev="0" fileid="4" />
              </SequencePoints>
              <BranchPoints />
            </Method>
            <Method visited="true" cyclomaticComplexity="0" nPathComplexity="0" sequenceCoverage="40.00" branchCoverage="0" crapScore="0" isConstructor="false" isStatic="false" isGetter="false" isSetter="false">
              <Summary numSequencePoints="5" visitedSequencePoints="2" numBranchPoints="0" visitedBranchPoints="0" sequenceCoverage="40.00" branchCoverage="0" maxCyclomaticComplexity="0" minCyclomaticComplexity="0" maxCrapScore="0" minCrapScore="0" visitedClasses="0" numClasses="0" visitedMethods="1" numMethods="1" />
              <MetadataToken>100663319</MetadataToken>
              <Name>System.Void GameField::Awake()</Name>
              <FileRef uid="4" />
              <SequencePoints>
                <SequencePoint vc="3" uspid="717" ordinal="0" offset="0" sl="170" sc="5" el="170" ec="5" bec="0" bev="0" fileid="4" />
                <SequencePoint vc="3" uspid="718" ordinal="0" offset="1" sl="171" sc="9" el="171" ec="9" bec="0" bev="0" fileid="4" />
                <SequencePoint vc="0" uspid="719" ordinal="0" offset="8" sl="172" sc="9" el="172" ec="9" bec="0" bev="0" fileid="4" />
                <SequencePoint vc="0" uspid="720" ordinal="0" offset="15" sl="173" sc="9" el="173" ec="9" bec="0" bev="0" fileid="4" />
                <SequencePoint vc="0" uspid="721" ordinal="0" offset="22" sl="174" sc="5" el="174" ec="5" bec="0" bev="0" fileid="4" />
              </SequencePoints>
              <BranchPoints />
            </Method>
            <Method visited="true" cyclomaticComplexity="0" nPathComplexity="0" sequenceCoverage="86.36" branchCoverage="0" crapScore="0" isConstructor="false" isStatic="false" isGetter="false" isSetter="false">
              <Summary numSequencePoints="22" visitedSequencePoints="19" numBranchPoints="0" visitedBranchPoints="0" sequenceCoverage="86.36" branchCoverage="0" maxCyclomaticComplexity="0" minCyclomaticComplexity="0" maxCrapScore="0" minCrapScore="0" visitedClasses="0" numClasses="0" visitedMethods="1" numMethods="1" />
              <MetadataToken>100663323</MetadataToken>
              <Name>System.Boolean GameField::CanMakeMove()</Name>
              <FileRef uid="4" />
              <SequencePoints>
                <SequencePoint vc="1" uspid="762" ordinal="0" offset="0" sl="220" sc="5" el="220" ec="5" bec="0" bev="0" fileid="4" />
                <SequencePoint vc="1" uspid="763" ordinal="0" offset="1" sl="221" sc="9" el="221" ec="9" bec="0" bev="0" fileid="4" />
                <SequencePoint vc="0" uspid="764" ordinal="0" offset="25" sl="221" sc="41" el="221" ec="41" bec="0" bev="0" fileid="4" />
                <SequencePoint vc="0" uspid="765" ordinal="0" offset="26" sl="221" sc="43" el="221" ec="43" bec="0" bev="0" fileid="4" />
                <SequencePoint vc="1" uspid="766" ordinal="0" offset="33" sl="223" sc="9" el="223" ec="9" bec="0" bev="0" fileid="4" />
                <SequencePoint vc="1" uspid="767" ordinal="0" offset="34" sl="223" sc="31" el="223" ec="31" bec="0" bev="0" fileid="4" />
                <SequencePoint vc="16" uspid="768" ordinal="0" offset="51" sl="223" sc="18" el="223" ec="18" bec="0" bev="0" fileid="4" />
                <SequencePoint vc="16" uspid="769" ordinal="0" offset="60" sl="224" sc="9" el="224" ec="9" bec="0" bev="0" fileid="4" />
                <SequencePoint vc="16" uspid="770" ordinal="0" offset="61" sl="225" sc="13" el="225" ec="13" bec="0" bev="0" fileid="4" />
                <SequencePoint vc="16" uspid="771" ordinal="0" offset="117" sl="227" sc="13" el="227" ec="13" bec="0" bev="0" fileid="4" />
                <SequencePoint vc="16" uspid="772" ordinal="0" offset="118" sl="227" sc="40" el="227" ec="40" bec="0" bev="0" fileid="4" />
                <SequencePoint vc="64" uspid="773" ordinal="0" offset="127" sl="227" sc="22" el="227" ec="22" bec="0" bev="0" fileid="4" />
                <SequencePoint vc="64" uspid="774" ordinal="0" offset="138" sl="228" sc="13" el="228" ec="13" bec="0" bev="0" fileid="4" />
                <SequencePoint vc="64" uspid="775" ordinal="0" offset="139" sl="229" sc="17" el="229" ec="17" bec="0" bev="0" fileid="4" />
                <SequencePoint vc="64" uspid="776" ordinal="0" offset="161" sl="230" sc="17" el="230" ec="17" bec="0" bev="0" fileid="4" />
                <SequencePoint vc="0" uspid="777" ordinal="0" offset="190" sl="231" sc="21" el="231" ec="21" bec="0" bev="0" fileid="4" />
                <SequencePoint vc="64" uspid="778" ordinal="0" offset="194" sl="232" sc="13" el="232" ec="13" bec="0" bev="0" fileid="4" />
                <SequencePoint vc="80" uspid="779" ordinal="0" offset="201" sl="227" sc="37" el="227" ec="37" bec="0" bev="0" fileid="4" />
                <SequencePoint vc="16" uspid="780" ordinal="0" offset="209" sl="233" sc="9" el="233" ec="9" bec="0" bev="0" fileid="4" />
                <SequencePoint vc="17" uspid="781" ordinal="0" offset="210" sl="223" sc="28" el="223" ec="28" bec="0" bev="0" fileid="4" />
                <SequencePoint vc="1" uspid="782" ordinal="0" offset="239" sl="235" sc="9" el="235" ec="9" bec="0" bev="0" fileid="4" />
                <SequencePoint vc="1" uspid="783" ordinal="0" offset="243" sl="236" sc="5" el="236" ec="5" bec="0" bev="0" fileid="4" />
              </SequencePoints>
              <BranchPoints />
            </Method>
            <Method visited="true" cyclomaticComplexity="0" nPathComplexity="0" sequenceCoverage="100.0" branchCoverage="0" crapScore="0" isConstructor="true" isStatic="false" isGetter="false" isSetter="false">
              <Summary numSequencePoints="4" visitedSequencePoints="4" numBranchPoints="0" visitedBranchPoints="0" sequenceCoverage="100.0" branchCoverage="0" maxCyclomaticComplexity="0" minCyclomaticComplexity="0" maxCrapScore="0" minCrapScore="0" visitedClasses="0" numClasses="0" visitedMethods="1" numMethods="1" />
              <MetadataToken>100663326</MetadataToken>
              <Name>GameField::GameField()</Name>
              <FileRef uid="4" />
              <SequencePoints>
                <SequencePoint vc="9" uspid="816" ordinal="0" offset="0" sl="8" sc="5" el="8" ec="5" bec="0" bev="0" fileid="4" />
                <SequencePoint vc="9" uspid="817" ordinal="0" offset="11" sl="9" sc="5" el="9" ec="5" bec="0" bev="0" fileid="4" />
                <SequencePoint vc="9" uspid="818" ordinal="0" offset="22" sl="13" sc="5" el="13" ec="5" bec="0" bev="0" fileid="4" />
                <SequencePoint vc="9" uspid="819" ordinal="0" offset="29" sl="14" sc="5" el="14" ec="5" bec="0" bev="0" fileid="4" />
              </SequencePoints>
              <BranchPoints />
            </Method>
          </Methods>
        </Class>
        <Class>
          <Summary numSequencePoints="28" visitedSequencePoints="28" numBranchPoints="0" visitedBranchPoints="0" sequenceCoverage="100.0" branchCoverage="0.0" maxCyclomaticComplexity="0" minCyclomaticComplexity="0" maxCrapScore="0" minCrapScore="0" visitedClasses="1" numClasses="1" visitedMethods="4" numMethods="4" />
          <FullName>SaveManager</FullName>
          <Methods>
            <Method visited="true" cyclomaticComplexity="0" nPathComplexity="0" sequenceCoverage="100.0" branchCoverage="0" crapScore="0" isConstructor="false" isStatic="true" isGetter="false" isSetter="false">
              <Summary numSequencePoints="8" visitedSequencePoints="8" numBranchPoints="0" visitedBranchPoints="0" sequenceCoverage="100.0" branchCoverage="0" maxCyclomaticComplexity="0" minCyclomaticComplexity="0" maxCrapScore="0" minCrapScore="0" visitedClasses="0" numClasses="0" visitedMethods="1" numMethods="1" />
              <MetadataToken>100663329</MetadataToken>
              <Name>static System.Void SaveManager::SaveGame(System.Int32, System.Int32, System.Collections.Generic.List[Cell])</Name>
              <FileRef uid="6" />
              <SequencePoints>
                <SequencePoint vc="1" uspid="842" ordinal="0" offset="0" sl="11" sc="5" el="11" ec="5" bec="0" bev="0" fileid="6" />
                <SequencePoint vc="1" uspid="843" ordinal="0" offset="1" sl="12" sc="9" el="12" ec="9" bec="0" bev="0" fileid="6" />
                <SequencePoint vc="1" uspid="844" ordinal="0" offset="7" sl="13" sc="9" el="13" ec="9" bec="0" bev="0" fileid="6" />
                <SequencePoint vc="1" uspid="845" ordinal="0" offset="18" sl="15" sc="9" el="15" ec="9" bec="0" bev="0" fileid="6" />
                <SequencePoint vc="1" uspid="846" ordinal="0" offset="27" sl="16" sc="9" el="16" ec="9" bec="0" bev="0" fileid="6" />
                <SequencePoint vc="1" uspid="847" ordinal="0" offset="36" sl="17" sc="9" el="17" ec="9" bec="0" bev="0" fileid="6" />
                <SequencePoint vc="1" uspid="848" ordinal="0" offset="43" sl="19" sc="9" el="19" ec="9" bec="0" bev="0" fileid="6" />
                <SequencePoint vc="1" uspid="849" ordinal="0" offset="54" sl="20" sc="5" el="20" ec="5" bec="0" bev="0" fileid="6" />
              </SequencePoints>
              <BranchPoints />
            </Method>
            <Method visited="true" cyclomaticComplexity="0" nPathComplexity="0" sequenceCoverage="100.0" branchCoverage="0" crapScore="0" isConstructor="false" isStatic="true" isGetter="false" isSetter="false">
              <Summary numSequencePoints="12" visitedSequencePoints="12" numBranchPoints="0" visitedBranchPoints="0" sequenceCoverage="100.0" branchCoverage="0" maxCyclomaticComplexity="0" minCyclomaticComplexity="0" maxCrapScore="0" minCrapScore="0" visitedClasses="0" numClasses="0" visitedMethods="1" numMethods="1" />
              <MetadataToken>100663330</MetadataToken>
              <Name>static GameData SaveManager::LoadGame()</Name>
              <FileRef uid="6" />
              <SequencePoints>
                <SequencePoint vc="2" uspid="850" ordinal="0" offset="0" sl="23" sc="5" el="23" ec="5" bec="0" bev="0" fileid="6" />
                <SequencePoint vc="2" uspid="851" ordinal="0" offset="1" sl="24" sc="9" el="24" ec="9" bec="0" bev="0" fileid="6" />
                <SequencePoint vc="1" uspid="852" ordinal="0" offset="15" sl="25" sc="9" el="25" ec="9" bec="0" bev="0" fileid="6" />
                <SequencePoint vc="1" uspid="853" ordinal="0" offset="16" sl="26" sc="13" el="26" ec="13" bec="0" bev="0" fileid="6" />
                <SequencePoint vc="1" uspid="854" ordinal="0" offset="22" sl="27" sc="13" el="27" ec="13" bec="0" bev="0" fileid="6" />
                <SequencePoint vc="1" uspid="855" ordinal="0" offset="34" sl="29" sc="13" el="29" ec="13" bec="0" bev="0" fileid="6" />
                <SequencePoint vc="1" uspid="856" ordinal="0" offset="47" sl="30" sc="13" el="30" ec="13" bec="0" bev="0" fileid="6" />
                <SequencePoint vc="1" uspid="857" ordinal="0" offset="54" sl="32" sc="13" el="32" ec="13" bec="0" bev="0" fileid="6" />
                <SequencePoint vc="1" uspid="858" ordinal="0" offset="65" sl="33" sc="13" el="33" ec="13" bec="0" bev="0" fileid="6" />
                <SequencePoint vc="1" uspid="859" ordinal="0" offset="70" sl="36" sc="9" el="36" ec="9" bec="0" bev="0" fileid="6" />
                <SequencePoint vc="1" uspid="860" ordinal="0" offset="81" sl="37" sc="9" el="37" ec="9" bec="0" bev="0" fileid="6" />
                <SequencePoint vc="2" uspid="861" ordinal="0" offset="86" sl="38" sc="5" el="38" ec="5" bec="0" bev="0" fileid="6" />
              </SequencePoints>
              <BranchPoints />
            </Method>
            <Method visited="true" cyclomaticComplexity="0" nPathComplexity="0" sequenceCoverage="100.0" branchCoverage="0" crapScore="0" isConstructor="false" isStatic="true" isGetter="false" isSetter="false">
              <Summary numSequencePoints="7" visitedSequencePoints="7" numBranchPoints="0" visitedBranchPoints="0" sequenceCoverage="100.0" branchCoverage="0" maxCyclomaticComplexity="0" minCyclomaticComplexity="0" maxCrapScore="0" minCrapScore="0" visitedClasses="0" numClasses="0" visitedMethods="1" numMethods="1" />
              <MetadataToken>100663331</MetadataToken>
              <Name>static System.Void SaveManager::DeleteSave()</Name>
              <FileRef uid="6" />
              <SequencePoints>
                <SequencePoint vc="1" uspid="862" ordinal="0" offset="0" sl="41" sc="5" el="41" ec="5" bec="0" bev="0" fileid="6" />
                <SequencePoint vc="1" uspid="863" ordinal="0" offset="1" sl="42" sc="9" el="42" ec="9" bec="0" bev="0" fileid="6" />
                <SequencePoint vc="1" uspid="864" ordinal="0" offset="15" sl="43" sc="9" el="43" ec="9" bec="0" bev="0" fileid="6" />
                <SequencePoint vc="1" uspid="865" ordinal="0" offset="16" sl="44" sc="13" el="44" ec="13" bec="0" bev="0" fileid="6" />
                <SequencePoint vc="1" uspid="866" ordinal="0" offset="27" sl="45" sc="13" el="45" ec="13" bec="0" bev="0" fileid="6" />
                <SequencePoint vc="1" uspid="867" ordinal="0" offset="38" sl="46" sc="9" el="46" ec="9" bec="0" bev="0" fileid="6" />
                <SequencePoint vc="1" uspid="868" ordinal="0" offset="39" sl="47" sc="5" el="47" ec="5" bec="0" bev="0" fileid="6" />
              </SequencePoints>
              <BranchPoints />
            </Method>
            <Method visited="true" cyclomaticComplexity="0" nPathComplexity="0" sequenceCoverage="100.0" branchCoverage="0" crapScore="0" isConstructor="true" isStatic="true" isGetter="false" isSetter="false">
              <Summary numSequencePoints="1" visitedSequencePoints="1" numBranchPoints="0" visitedBranchPoints="0" sequenceCoverage="100.0" branchCoverage="0" maxCyclomaticComplexity="0" minCyclomaticComplexity="0" maxCrapScore="0" minCrapScore="0" visitedClasses="0" numClasses="0" visitedMethods="1" numMethods="1" />
              <MetadataToken>100663332</MetadataToken>
              <Name>static SaveManager::SaveManager()</Name>
              <FileRef uid="6" />
              <SequencePoints>
                <SequencePoint vc="1" uspid="869" ordinal="0" offset="0" sl="8" sc="5" el="8" ec="5" bec="0" bev="0" fileid="6" />
              </SequencePoints>
              <BranchPoints />
            </Method>
          </Methods>
        </Class>
        <Class>
          <Summary numSequencePoints="153" visitedSequencePoints="142" numBranchPoints="0" visitedBranchPoints="0" sequenceCoverage="92.81" branchCoverage="0.0" maxCyclomaticComplexity="0" minCyclomaticComplexity="0" maxCrapScore="0" minCrapScore="0" visitedClasses="1" numClasses="1" visitedMethods="21" numMethods="21" />
          <FullName>Tests</FullName>
          <Methods>
            <Method visited="true" cyclomaticComplexity="0" nPathComplexity="0" sequenceCoverage="100.0" branchCoverage="0" crapScore="0" isConstructor="false" isStatic="false" isGetter="false" isSetter="false">
              <Summary numSequencePoints="6" visitedSequencePoints="6" numBranchPoints="0" visitedBranchPoints="0" sequenceCoverage="100.0" branchCoverage="0" maxCyclomaticComplexity="0" minCyclomaticComplexity="0" maxCrapScore="0" minCrapScore="0" visitedClasses="0" numClasses="0" visitedMethods="1" numMethods="1" />
              <MetadataToken>100663333</MetadataToken>
              <Name>UnityEngine.GameObject Tests::CreateMockCellViewPrefab()</Name>
              <FileRef uid="7" />
              <SequencePoints>
                <SequencePoint vc="2" uspid="870" ordinal="0" offset="0" sl="12" sc="5" el="12" ec="5" bec="0" bev="0" fileid="7" />
                <SequencePoint vc="2" uspid="871" ordinal="0" offset="1" sl="13" sc="9" el="13" ec="9" bec="0" bev="0" fileid="7" />
                <SequencePoint vc="2" uspid="872" ordinal="0" offset="7" sl="14" sc="9" el="14" ec="9" bec="0" bev="0" fileid="7" />
                <SequencePoint vc="2" uspid="873" ordinal="0" offset="24" sl="15" sc="9" el="15" ec="9" bec="0" bev="0" fileid="7" />
                <SequencePoint vc="2" uspid="874" ordinal="0" offset="31" sl="16" sc="9" el="16" ec="9" bec="0" bev="0" fileid="7" />
                <SequencePoint vc="2" uspid="875" ordinal="0" offset="35" sl="17" sc="5" el="17" ec="5" bec="0" bev="0" fileid="7" />
              </SequencePoints>
              <BranchPoints />
            </Method>
            <Method visited="true" cyclomaticComplexity="0" nPathComplexity="0" sequenceCoverage="100.0" branchCoverage="0" crapScore="0" isConstructor="false" isStatic="false" isGetter="false" isSetter="false">
              <Summary numSequencePoints="11" visitedSequencePoints="11" numBranchPoints="0" visitedBranchPoints="0" sequenceCoverage="100.0" branchCoverage="0" maxCyclomaticComplexity="0" minCyclomaticComplexity="0" maxCrapScore="0" minCrapScore="0" visitedClasses="0" numClasses="0" visitedMethods="1" numMethods="1" />
              <MetadataToken>100663334</MetadataToken>
              <Name>System.Collections.Generic.List[Cell] Tests::CreateFullCellsList()</Name>
              <FileRef uid="7" />
              <SequencePoints>
                <SequencePoint vc="2" uspid="876" ordinal="0" offset="0" sl="20" sc="5" el="20" ec="5" bec="0" bev="0" fileid="7" />
                <SequencePoint vc="2" uspid="877" ordinal="0" offset="1" sl="21" sc="9" el="21" ec="9" bec="0" bev="0" fileid="7" />
                <SequencePoint vc="2" uspid="878" ordinal="0" offset="7" sl="22" sc="14" el="22" ec="14" bec="0" bev="0" fileid="7" />
                <SequencePoint vc="8" uspid="879" ordinal="0" offset="11" sl="23" sc="18" el="23" ec="18" bec="0" bev="0" fileid="7" />
                <SequencePoint vc="32" uspid="880" ordinal="0" offset="15" sl="24" sc="17" el="24" ec="17" bec="0" bev="0" fileid="7" />
                <SequencePoint vc="32" uspid="881" ordinal="0" offset="35" sl="23" sc="36" el="23" ec="36" bec="0" bev="0" fileid="7" />
                <SequencePoint vc="40" uspid="882" ordinal="0" offset="39" sl="23" sc="29" el="23" ec="29" bec="0" bev="0" fileid="7" />
                <SequencePoint vc="8" uspid="883" ordinal="0" offset="47" sl="22" sc="32" el="22" ec="32" bec="0" bev="0" fileid="7" />
                <SequencePoint vc="10" uspid="884" ordinal="0" offset="51" sl="22" sc="25" el="22" ec="25" bec="0" bev="0" fileid="7" />
                <SequencePoint vc="2" uspid="885" ordinal="0" offset="61" sl="25" sc="9" el="25" ec="9" bec="0" bev="0" fileid="7" />
                <SequencePoint vc="2" uspid="886" ordinal="0" offset="66" sl="26" sc="5" el="26" ec="5" bec="0" bev="0" fileid="7" />
              </SequencePoints>
              <BranchPoints />
            </Method>
            <Method visited="true" cyclomaticComplexity="0" nPathComplexity="0" sequenceCoverage="100.0" branchCoverage="0" crapScore="0" isConstructor="false" isStatic="false" isGetter="false" isSetter="false">
              <Summary numSequencePoints="5" visitedSequencePoints="5" numBranchPoints="0" visitedBranchPoints="0" sequenceCoverage="100.0" branchCoverage="0" maxCyclomaticComplexity="0" minCyclomaticComplexity="0" maxCrapScore="0" minCrapScore="0" visitedClasses="0" numClasses="0" visitedMethods="1" numMethods="1" />
              <MetadataToken>100663335</MetadataToken>
              <Name>System.Void Tests::Cell_Constructor_InitializesProperties()</Name>
              <FileRef uid="7" />
              <SequencePoints>
                <SequencePoint vc="1" uspid="887" ordinal="0" offset="0" sl="32" sc="5" el="32" ec="5" bec="0" bev="0" fileid="7" />
                <SequencePoint vc="1" uspid="888" ordinal="0" offset="1" sl="33" sc="9" el="33" ec="9" bec="0" bev="0" fileid="7" />
                <SequencePoint vc="1" uspid="889" ordinal="0" offset="15" sl="34" sc="9" el="34" ec="9" bec="0" bev="0" fileid="7" />
                <SequencePoint vc="1" uspid="890" ordinal="0" offset="44" sl="35" sc="9" el="35" ec="9" bec="0" bev="0" fileid="7" />
                <SequencePoint vc="1" uspid="891" ordinal="0" offset="67" sl="36" sc="5" el="36" ec="5" bec="0" bev="0" fileid="7" />
              </SequencePoints>
              <BranchPoints />
            </Method>
            <Method visited="true" cyclomaticComplexity="0" nPathComplexity="0" sequenceCoverage="100.0" branchCoverage="0" crapScore="0" isConstructor="false" isStatic="false" isGetter="false" isSetter="false">
              <Summary numSequencePoints="7" visitedSequencePoints="7" numBranchPoints="0" visitedBranchPoints="0" sequenceCoverage="100.0" branchCoverage="0" maxCyclomaticComplexity="0" minCyclomaticComplexity="0" maxCrapScore="0" minCrapScore="0" visitedClasses="0" numClasses="0" visitedMethods="1" numMethods="1" />
              <MetadataToken>100663336</MetadataToken>
              <Name>System.Void Tests::Cell_CoordsChange_TriggersEvent()</Name>
              <FileRef uid="7" />
              <SequencePoints>
                <SequencePoint vc="1" uspid="892" ordinal="0" offset="6" sl="40" sc="5" el="40" ec="5" bec="0" bev="0" fileid="7" />
                <SequencePoint vc="1" uspid="893" ordinal="0" offset="7" sl="41" sc="9" el="41" ec="9" bec="0" bev="0" fileid="7" />
                <SequencePoint vc="1" uspid="894" ordinal="0" offset="19" sl="42" sc="9" el="42" ec="9" bec="0" bev="0" fileid="7" />
                <SequencePoint vc="1" uspid="895" ordinal="0" offset="26" sl="43" sc="9" el="43" ec="9" bec="0" bev="0" fileid="7" />
                <SequencePoint vc="1" uspid="896" ordinal="0" offset="45" sl="45" sc="9" el="45" ec="9" bec="0" bev="0" fileid="7" />
                <SequencePoint vc="1" uspid="897" ordinal="0" offset="57" sl="46" sc="9" el="46" ec="9" bec="0" bev="0" fileid="7" />
                <SequencePoint vc="1" uspid="898" ordinal="0" offset="69" sl="47" sc="5" el="47" ec="5" bec="0" bev="0" fileid="7" />
              </SequencePoints>
              <BranchPoints />
            </Method>
            <Method visited="true" cyclomaticComplexity="0" nPathComplexity="0" sequenceCoverage="76.92" branchCoverage="0" crapScore="0" isConstructor="false" isStatic="false" isGetter="false" isSetter="false">
              <Summary numSequencePoints="13" visitedSequencePoints="10" numBranchPoints="0" visitedBranchPoints="0" sequenceCoverage="76.92" branchCoverage="0" maxCyclomaticComplexity="0" minCyclomaticComplexity="0" maxCrapScore="0" minCrapScore="0" visitedClasses="0" numClasses="0" visitedMethods="1" numMethods="1" />
              <MetadataToken>100663337</MetadataToken>
              <Name>System.Void Tests::CellView_UpdateValue_SetsCorrectTextAndColor()</Name>
              <FileRef uid="7" />
              <SequencePoints>
                <SequencePoint vc="1" uspid="899" ordinal="0" offset="0" sl="53" sc="5" el="53" ec="5" bec="0" bev="0" fileid="7" />
                <SequencePoint vc="1" uspid="900" ordinal="0" offset="1" sl="54" sc="9" el="54" ec="9" bec="0" bev="0" fileid="7" />
                <SequencePoint vc="1" uspid="901" ordinal="0" offset="7" sl="55" sc="9" el="55" ec="9" bec="0" bev="0" fileid="7" />
                <SequencePoint vc="1" uspid="902" ordinal="0" offset="14" sl="56" sc="9" el="56" ec="9" bec="0" bev="0" fileid="7" />
                <SequencePoint vc="1" uspid="903" ordinal="0" offset="26" sl="57" sc="9" el="57" ec="9" bec="0" bev="0" fileid="7" />
                <SequencePoint vc="1" uspid="904" ordinal="0" offset="38" sl="58" sc="9" el="58" ec="9" bec="0" bev="0" fileid="7" />
                <SequencePoint vc="1" uspid="905" ordinal="0" offset="45" sl="59" sc="9" el="59" ec="9" bec="0" bev="0" fileid="7" />
                <SequencePoint vc="1" uspid="906" ordinal="0" offset="53" sl="60" sc="9" el="60" ec="9" bec="0" bev="0" fileid="7" />
                <SequencePoint vc="1" uspid="907" ordinal="0" offset="64" sl="61" sc="9" el="61" ec="9" bec="0" bev="0" fileid="7" />
                <SequencePoint vc="1" uspid="908" ordinal="0" offset="75" sl="63" sc="9" el="63" ec="9" bec="0" bev="0" fileid="7" />
                <SequencePoint vc="0" uspid="909" ordinal="0" offset="83" sl="65" sc="9" el="65" ec="9" bec="0" bev="0" fileid="7" />
                <SequencePoint vc="0" uspid="910" ordinal="0" offset="105" sl="66" sc="9" el="66" ec="9" bec="0" bev="0" fileid="7" />
                <SequencePoint vc="0" uspid="911" ordinal="0" offset="152" sl="67" sc="5" el="67" ec="5" bec="0" bev="0" fileid="7" />
              </SequencePoints>
              <BranchPoints />
            </Method>
            <Method visited="true" cyclomaticComplexity="0" nPathComplexity="0" sequenceCoverage="66.67" branchCoverage="0" crapScore="0" isConstructor="false" isStatic="false" isGetter="false" isSetter="false">
              <Summary numSequencePoints="6" visitedSequencePoints="4" numBranchPoints="0" visitedBranchPoints="0" sequenceCoverage="66.67" branchCoverage="0" maxCyclomaticComplexity="0" minCyclomaticComplexity="0" maxCrapScore="0" minCrapScore="0" visitedClasses="0" numClasses="0" visitedMethods="1" numMethods="1" />
              <MetadataToken>100663338</MetadataToken>
              <Name>System.Void Tests::GameField_CreateCell_AddsNewCell()</Name>
              <FileRef uid="7" />
              <SequencePoints>
                <SequencePoint vc="1" uspid="912" ordinal="0" offset="0" sl="73" sc="5" el="73" ec="5" bec="0" bev="0" fileid="7" />
                <SequencePoint vc="1" uspid="913" ordinal="0" offset="1" sl="74" sc="9" el="74" ec="9" bec="0" bev="0" fileid="7" />
                <SequencePoint vc="1" uspid="914" ordinal="0" offset="12" sl="75" sc="9" el="75" ec="9" bec="0" bev="0" fileid="7" />
                <SequencePoint vc="1" uspid="915" ordinal="0" offset="24" sl="77" sc="9" el="77" ec="9" bec="0" bev="0" fileid="7" />
                <SequencePoint vc="0" uspid="916" ordinal="0" offset="31" sl="78" sc="9" el="78" ec="9" bec="0" bev="0" fileid="7" />
                <SequencePoint vc="0" uspid="917" ordinal="0" offset="59" sl="79" sc="5" el="79" ec="5" bec="0" bev="0" fileid="7" />
              </SequencePoints>
              <BranchPoints />
            </Method>
            <Method visited="true" cyclomaticComplexity="0" nPathComplexity="0" sequenceCoverage="62.50" branchCoverage="0" crapScore="0" isConstructor="false" isStatic="false" isGetter="false" isSetter="false">
              <Summary numSequencePoints="8" visitedSequencePoints="5" numBranchPoints="0" visitedBranchPoints="0" sequenceCoverage="62.50" branchCoverage="0" maxCyclomaticComplexity="0" minCyclomaticComplexity="0" maxCrapScore="0" minCrapScore="0" visitedClasses="0" numClasses="0" visitedMethods="1" numMethods="1" />
              <MetadataToken>100663339</MetadataToken>
              <Name>System.Void Tests::GameField_ProcessMove_MergesEqualCells()</Name>
              <FileRef uid="7" />
              <SequencePoints>
                <SequencePoint vc="1" uspid="918" ordinal="0" offset="0" sl="83" sc="5" el="83" ec="5" bec="0" bev="0" fileid="7" />
                <SequencePoint vc="1" uspid="919" ordinal="0" offset="1" sl="84" sc="9" el="84" ec="9" bec="0" bev="0" fileid="7" />
                <SequencePoint vc="1" uspid="920" ordinal="0" offset="12" sl="85" sc="9" el="85" ec="9" bec="0" bev="0" fileid="7" />
                <SequencePoint vc="1" uspid="921" ordinal="0" offset="24" sl="86" sc="9" el="86" ec="9" bec="0" bev="0" fileid="7" />
                <SequencePoint vc="1" uspid="922" ordinal="0" offset="75" sl="91" sc="9" el="91" ec="9" bec="0" bev="0" fileid="7" />
                <SequencePoint vc="0" uspid="923" ordinal="0" offset="87" sl="92" sc="9" el="92" ec="9" bec="0" bev="0" fileid="7" />
                <SequencePoint vc="0" uspid="924" ordinal="0" offset="115" sl="93" sc="9" el="93" ec="9" bec="0" bev="0" fileid="7" />
                <SequencePoint vc="0" uspid="925" ordinal="0" offset="149" sl="94" sc="5" el="94" ec="5" bec="0" bev="0" fileid="7" />
              </SequencePoints>
              <BranchPoints />
            </Method>
            <Method visited="true" cyclomaticComplexity="0" nPathComplexity="0" sequenceCoverage="100.0" branchCoverage="0" crapScore="0" isConstructor="false" isStatic="false" isGetter="false" isSetter="false">
              <Summary numSequencePoints="8" visitedSequencePoints="8" numBranchPoints="0" visitedBranchPoints="0" sequenceCoverage="100.0" branchCoverage="0" maxCyclomaticComplexity="0" minCyclomaticComplexity="0" maxCrapScore="0" minCrapScore="0" visitedClasses="0" numClasses="0" visitedMethods="1" numMethods="1" />
              <MetadataToken>100663340</MetadataToken>
              <Name>System.Void Tests::SaveManager_SaveAndLoad_PreservesData()</Name>
              <FileRef uid="7" />
              <SequencePoints>
                <SequencePoint vc="1" uspid="926" ordinal="0" offset="0" sl="100" sc="5" el="100" ec="5" bec="0" bev="0" fileid="7" />
                <SequencePoint vc="1" uspid="927" ordinal="0" offset="1" sl="101" sc="9" el="101" ec="9" bec="0" bev="0" fileid="7" />
                <SequencePoint vc="1" uspid="928" ordinal="0" offset="25" sl="102" sc="9" el="102" ec="9" bec="0" bev="0" fileid="7" />
                <SequencePoint vc="1" uspid="929" ordinal="0" offset="39" sl="104" sc="9" el="104" ec="9" bec="0" bev="0" fileid="7" />
                <SequencePoint vc="1" uspid="930" ordinal="0" offset="45" sl="105" sc="9" el="105" ec="9" bec="0" bev="0" fileid="7" />
                <SequencePoint vc="1" uspid="931" ordinal="0" offset="69" sl="106" sc="9" el="106" ec="9" bec="0" bev="0" fileid="7" />
                <SequencePoint vc="1" uspid="932" ordinal="0" offset="97" sl="108" sc="9" el="108" ec="9" bec="0" bev="0" fileid="7" />
                <SequencePoint vc="1" uspid="933" ordinal="0" offset="103" sl="109" sc="5" el="109" ec="5" bec="0" bev="0" fileid="7" />
              </SequencePoints>
              <BranchPoints />
            </Method>
            <Method visited="true" cyclomaticComplexity="0" nPathComplexity="0" sequenceCoverage="100.0" branchCoverage="0" crapScore="0" isConstructor="false" isStatic="false" isGetter="false" isSetter="false">
              <Summary numSequencePoints="6" visitedSequencePoints="6" numBranchPoints="0" visitedBranchPoints="0" sequenceCoverage="100.0" branchCoverage="0" maxCyclomaticComplexity="0" minCyclomaticComplexity="0" maxCrapScore="0" minCrapScore="0" visitedClasses="0" numClasses="0" visitedMethods="1" numMethods="1" />
              <MetadataToken>100663341</MetadataToken>
              <Name>System.Void Tests::GameData_ConvertsCellsCorrectly()</Name>
              <FileRef uid="7" />
              <SequencePoints>
                <SequencePoint vc="1" uspid="934" ordinal="0" offset="0" sl="115" sc="5" el="115" ec="5" bec="0" bev="0" fileid="7" />
                <SequencePoint vc="1" uspid="935" ordinal="0" offset="1" sl="116" sc="9" el="116" ec="9" bec="0" bev="0" fileid="7" />
                <SequencePoint vc="1" uspid="936" ordinal="0" offset="27" sl="117" sc="9" el="117" ec="9" bec="0" bev="0" fileid="7" />
                <SequencePoint vc="1" uspid="937" ordinal="0" offset="41" sl="119" sc="9" el="119" ec="9" bec="0" bev="0" fileid="7" />
                <SequencePoint vc="1" uspid="938" ordinal="0" offset="75" sl="120" sc="9" el="120" ec="9" bec="0" bev="0" fileid="7" />
                <SequencePoint vc="1" uspid="939" ordinal="0" offset="109" sl="121" sc="5" el="121" ec="5" bec="0" bev="0" fileid="7" />
              </SequencePoints>
              <BranchPoints />
            </Method>
            <Method visited="true" cyclomaticComplexity="0" nPathComplexity="0" sequenceCoverage="80.00" branchCoverage="0" crapScore="0" isConstructor="false" isStatic="false" isGetter="false" isSetter="false">
              <Summary numSequencePoints="5" visitedSequencePoints="4" numBranchPoints="0" visitedBranchPoints="0" sequenceCoverage="80.00" branchCoverage="0" maxCyclomaticComplexity="0" minCyclomaticComplexity="0" maxCrapScore="0" minCrapScore="0" visitedClasses="0" numClasses="0" visitedMethods="1" numMethods="1" />
              <MetadataToken>100663342</MetadataToken>
              <Name>System.Void Tests::InputManager_DetectsKeyPresses()</Name>
              <FileRef uid="7" />
              <SequencePoints>
                <SequencePoint vc="1" uspid="940" ordinal="0" offset="0" sl="127" sc="5" el="127" ec="5" bec="0" bev="0" fileid="7" />
                <SequencePoint vc="1" uspid="941" ordinal="0" offset="1" sl="128" sc="9" el="128" ec="9" bec="0" bev="0" fileid="7" />
                <SequencePoint vc="1" uspid="942" ordinal="0" offset="12" sl="129" sc="9" el="129" ec="9" bec="0" bev="0" fileid="7" />
                <SequencePoint vc="1" uspid="943" ordinal="0" offset="28" sl="131" sc="9" el="131" ec="9" bec="0" bev="0" fileid="7" />
                <SequencePoint vc="0" uspid="944" ordinal="0" offset="39" sl="132" sc="5" el="132" ec="5" bec="0" bev="0" fileid="7" />
              </SequencePoints>
              <BranchPoints />
            </Method>
            <Method visited="true" cyclomaticComplexity="0" nPathComplexity="0" sequenceCoverage="100.0" branchCoverage="0" crapScore="0" isConstructor="false" isStatic="false" isGetter="false" isSetter="false">
              <Summary numSequencePoints="7" visitedSequencePoints="7" numBranchPoints="0" visitedBranchPoints="0" sequenceCoverage="100.0" branchCoverage="0" maxCyclomaticComplexity="0" minCyclomaticComplexity="0" maxCrapScore="0" minCrapScore="0" visitedClasses="0" numClasses="0" visitedMethods="1" numMethods="1" />
              <MetadataToken>100663343</MetadataToken>
              <Name>System.Void Tests::Cell_NumChange_SameValueDoesNotTriggerEvent()</Name>
              <FileRef uid="7" />
              <SequencePoints>
                <SequencePoint vc="1" uspid="945" ordinal="0" offset="6" sl="138" sc="5" el="138" ec="5" bec="0" bev="0" fileid="7" />
                <SequencePoint vc="1" uspid="946" ordinal="0" offset="7" sl="139" sc="9" el="139" ec="9" bec="0" bev="0" fileid="7" />
                <SequencePoint vc="1" uspid="947" ordinal="0" offset="19" sl="140" sc="9" el="140" ec="9" bec="0" bev="0" fileid="7" />
                <SequencePoint vc="1" uspid="948" ordinal="0" offset="26" sl="141" sc="9" el="141" ec="9" bec="0" bev="0" fileid="7" />
                <SequencePoint vc="1" uspid="949" ordinal="0" offset="45" sl="143" sc="9" el="143" ec="9" bec="0" bev="0" fileid="7" />
                <SequencePoint vc="1" uspid="950" ordinal="0" offset="53" sl="144" sc="9" el="144" ec="9" bec="0" bev="0" fileid="7" />
                <SequencePoint vc="1" uspid="951" ordinal="0" offset="65" sl="145" sc="5" el="145" ec="5" bec="0" bev="0" fileid="7" />
              </SequencePoints>
              <BranchPoints />
            </Method>
            <Method visited="true" cyclomaticComplexity="0" nPathComplexity="0" sequenceCoverage="100.0" branchCoverage="0" crapScore="0" isConstructor="false" isStatic="false" isGetter="false" isSetter="false">
              <Summary numSequencePoints="7" visitedSequencePoints="7" numBranchPoints="0" visitedBranchPoints="0" sequenceCoverage="100.0" branchCoverage="0" maxCyclomaticComplexity="0" minCyclomaticComplexity="0" maxCrapScore="0" minCrapScore="0" visitedClasses="0" numClasses="0" visitedMethods="1" numMethods="1" />
              <MetadataToken>100663344</MetadataToken>
[...]
              <FileRef uid="7" />
              <SequencePoints>
                <SequencePoint vc="1" uspid="959" ordinal="0" offset="0" sl="162" sc="5" el="162" ec="5" bec="0" bev="0" fileid="7" />
                <SequencePoint vc="1" uspid="960" ordinal="0" offset="1" sl="163" sc="9" el="163" ec="9" bec="0" bev="0" fileid="7" />
                <SequencePoint vc="1" uspid="961" ordinal="0" offset="7" sl="164" sc="9" el="164" ec="9" bec="0" bev="0" fileid="7" />
                <SequencePoint vc="1" uspid="962" ordinal="0" offset="14" sl="166" sc="9" el="166" ec="9" bec="0" bev="0" fileid="7" />
                <SequencePoint vc="1" uspid="963" ordinal="0" offset="38" sl="167" sc="5" el="167" ec="5" bec="0" bev="0" fileid="7" />
              </SequencePoints>
              <BranchPoints />
            </Method>
            <Method visited="true" cyclomaticComplexity="0" nPathComplexity="0" sequenceCoverage="100.0" branchCoverage="0" crapScore="0" isConstructor="false" isStatic="false" isGetter="false" isSetter="false">
              <Summary numSequencePoints="6" visitedSequencePoints="6" numBranchPoints="0" visitedBranchPoints="0" sequenceCoverage="100.0" branchCoverage="0" maxCyclomaticComplexity="0" minCyclomaticComplexity="0" maxCrapScore="0" minCrapScore="0" visitedClasses="0" numClasses="0" visitedMethods="1" numMethods="1" />
              <MetadataToken>100663346</MetadataToken>
              <Name>System.Void Tests::GameField_GetEmptyPosition_ReturnsInvalidWhenFull()</Name>
              <FileRef uid="7" />
              <SequencePoints>
                <SequencePoint vc="1" uspid="964" ordinal="0" offset="0" sl="171" sc="5" el="171" ec="5" bec="0" bev="0" fileid="7" />
                <SequencePoint vc="1" uspid="965" ordinal="0" offset="1" sl="172" sc="9" el="172" ec="9" bec="0" bev="0" fileid="7" />
                <SequencePoint vc="1" uspid="966" ordinal="0" offset="7" sl="173" sc="9" el="173" ec="9" bec="0" bev="0" fileid="7" />
                <SequencePoint vc="1" uspid="967" ordinal="0" offset="19" sl="175" sc="9" el="175" ec="9" bec="0" bev="0" fileid="7" />
                <SequencePoint vc="1" uspid="968" ordinal="0" offset="26" sl="176" sc="9" el="176" ec="9" bec="0" bev="0" fileid="7" />
                <SequencePoint vc="1" uspid="969" ordinal="0" offset="50" sl="177" sc="5" el="177" ec="5" bec="0" bev="0" fileid="7" />
              </SequencePoints>
              <BranchPoints />
            </Method>
            <Method visited="true" cyclomaticComplexity="0" nPathComplexity="0" sequenceCoverage="100.0" branchCoverage="0" crapScore="0" isConstructor="false" isStatic="false" isGetter="false" isSetter="false">
              <Summary numSequencePoints="6" visitedSequencePoints="6" numBranchPoints="0" visitedBranchPoints="0" sequenceCoverage="100.0" branchCoverage="0" maxCyclomaticComplexity="0" minCyclomaticComplexity="0" maxCrapScore="0" minCrapScore="0" visitedClasses="0" numClasses="0" visitedMethods="1" numMethods="1" />
              <MetadataToken>100663347</MetadataToken>
              <Name>System.Void Tests::GameField_IsInsideField_DetectsBoundaries()</Name>
              <FileRef uid="7" />
              <SequencePoints>
                <SequencePoint vc="1" uspid="970" ordinal="0" offset="0" sl="181" sc="5" el="181" ec="5" bec="0" bev="0" fileid="7" />
                <SequencePoint vc="1" uspid="971" ordinal="0" offset="1" sl="182" sc="9" el="182" ec="9" bec="0" bev="0" fileid="7" />
                <SequencePoint vc="1" uspid="972" ordinal="0" offset="7" sl="184" sc="9" el="184" ec="9" bec="0" bev="0" fileid="7" />
                <SequencePoint vc="1" uspid="973" ordinal="0" offset="26" sl="185" sc="9" el="185" ec="9" bec="0" bev="0" fileid="7" />
                <SequencePoint vc="1" uspid="974" ordinal="0" offset="45" sl="186" sc="9" el="186" ec="9" bec="0" bev="0" fileid="7" />
                <SequencePoint vc="1" uspid="975" ordinal="0" offset="64" sl="187" sc="5" el="187" ec="5" bec="0" bev="0" fileid="7" />
              </SequencePoints>
              <BranchPoints />
            </Method>
            <Method visited="true" cyclomaticComplexity="0" nPathComplexity="0" sequenceCoverage="100.0" branchCoverage="0" crapScore="0" isConstructor="false" isStatic="false" isGetter="false" isSetter="false">
              <Summary numSequencePoints="6" visitedSequencePoints="6" numBranchPoints="0" visitedBranchPoints="0" sequenceCoverage="100.0" branchCoverage="0" maxCyclomaticComplexity="0" minCyclomaticComplexity="0" maxCrapScore="0" minCrapScore="0" visitedClasses="0" numClasses="0" visitedMethods="1" numMethods="1" />
              <MetadataToken>100663348</MetadataToken>
              <Name>System.Void Tests::GameField_GetCellAt_FindsCorrectCell()</Name>
              <FileRef uid="7" />
              <SequencePoints>
                <SequencePoint vc="1" uspid="976" ordinal="0" offset="0" sl="191" sc="5" el="191" ec="5" bec="0" bev="0" fileid="7" />
                <SequencePoint vc="1" uspid="977" ordinal="0" offset="1" sl="192" sc="9" el="192" ec="9" bec="0" bev="0" fileid="7" />
                <SequencePoint vc="1" uspid="978" ordinal="0" offset="7" sl="193" sc="9" el="193" ec="9" bec="0" bev="0" fileid="7" />
                <SequencePoint vc="1" uspid="979" ordinal="0" offset="21" sl="194" sc="9" el="194" ec="9" bec="0" bev="0" fileid="7" />
                <SequencePoint vc="1" uspid="980" ordinal="0" offset="34" sl="196" sc="9" el="196" ec="9" bec="0" bev="0" fileid="7" />
                <SequencePoint vc="1" uspid="981" ordinal="0" offset="54" sl="197" sc="5" el="197" ec="5" bec="0" bev="0" fileid="7" />
              </SequencePoints>
              <BranchPoints />
            </Method>
            <Method visited="true" cyclomaticComplexity="0" nPathComplexity="0" sequenceCoverage="71.43" branchCoverage="0" crapScore="0" isConstructor="false" isStatic="false" isGetter="false" isSetter="false">
              <Summary numSequencePoints="7" visitedSequencePoints="5" numBranchPoints="0" visitedBranchPoints="0" sequenceCoverage="71.43" branchCoverage="0" maxCyclomaticComplexity="0" minCyclomaticComplexity="0" maxCrapScore="0" minCrapScore="0" visitedClasses="0" numClasses="0" visitedMethods="1" numMethods="1" />
              <MetadataToken>100663349</MetadataToken>
              <Name>System.Void Tests::GameField_UpdateScore_CalculatesCorrectly()</Name>
              <FileRef uid="7" />
              <SequencePoints>
                <SequencePoint vc="1" uspid="982" ordinal="0" offset="0" sl="201" sc="5" el="201" ec="5" bec="0" bev="0" fileid="7" />
                <SequencePoint vc="1" uspid="983" ordinal="0" offset="1" sl="202" sc="9" el="202" ec="9" bec="0" bev="0" fileid="7" />
                <SequencePoint vc="1" uspid="984" ordinal="0" offset="7" sl="203" sc="9" el="203" ec="9" bec="0" bev="0" fileid="7" />
                <SequencePoint vc="1" uspid="985" ordinal="0" offset="30" sl="204" sc="9" el="204" ec="9" bec="0" bev="0" fileid="7" />
                <SequencePoint vc="1" uspid="986" ordinal="0" offset="53" sl="206" sc="9" el="206" ec="9" bec="0" bev="0" fileid="7" />
                <SequencePoint vc="0" uspid="987" ordinal="0" offset="60" sl="207" sc="9" el="207" ec="9" bec="0" bev="0" fileid="7" />
                <SequencePoint vc="0" uspid="988" ordinal="0" offset="83" sl="208" sc="5" el="208" ec="5" bec="0" bev="0" fileid="7" />
              </SequencePoints>
              <BranchPoints />
            </Method>
            <Method visited="true" cyclomaticComplexity="0" nPathComplexity="0" sequenceCoverage="100.0" branchCoverage="0" crapScore="0" isConstructor="false" isStatic="false" isGetter="false" isSetter="false">
              <Summary numSequencePoints="11" visitedSequencePoints="11" numBranchPoints="0" visitedBranchPoints="0" sequenceCoverage="100.0" branchCoverage="0" maxCyclomaticComplexity="0" minCyclomaticComplexity="0" maxCrapScore="0" minCrapScore="0" visitedClasses="0" numClasses="0" visitedMethods="1" numMethods="1" />
              <MetadataToken>100663350</MetadataToken>
              <Name>System.Void Tests::GameField_CheckGameOver_DetectsGameOver()</Name>
              <FileRef uid="7" />
              <SequencePoints>
                <SequencePoint vc="1" uspid="989" ordinal="0" offset="0" sl="212" sc="5" el="212" ec="5" bec="0" bev="0" fileid="7" />
                <SequencePoint vc="1" uspid="990" ordinal="0" offset="1" sl="213" sc="9" el="213" ec="9" bec="0" bev="0" fileid="7" />
                <SequencePoint vc="1" uspid="991" ordinal="0" offset="7" sl="214" sc="9" el="214" ec="9" bec="0" bev="0" fileid="7" />
                <SequencePoint vc="1" uspid="992" ordinal="0" offset="19" sl="217" sc="14" el="217" ec="14" bec="0" bev="0" fileid="7" />
                <SequencePoint vc="16" uspid="993" ordinal="0" offset="23" sl="218" sc="9" el="218" ec="9" bec="0" bev="0" fileid="7" />
                <SequencePoint vc="16" uspid="994" ordinal="0" offset="24" sl="219" sc="13" el="219" ec="13" bec="0" bev="0" fileid="7" />
                <SequencePoint vc="16" uspid="995" ordinal="0" offset="45" sl="220" sc="9" el="220" ec="9" bec="0" bev="0" fileid="7" />
                <SequencePoint vc="16" uspid="996" ordinal="0" offset="46" sl="217" sc="52" el="217" ec="52" bec="0" bev="0" fileid="7" />
                <SequencePoint vc="17" uspid="997" ordinal="0" offset="50" sl="217" sc="25" el="217" ec="25" bec="0" bev="0" fileid="7" />
                <SequencePoint vc="1" uspid="998" ordinal="0" offset="68" sl="222" sc="9" el="222" ec="9" bec="0" bev="0" fileid="7" />
                <SequencePoint vc="1" uspid="999" ordinal="0" offset="80" sl="223" sc="5" el="223" ec="5" bec="0" bev="0" fileid="7" />
              </SequencePoints>
              <BranchPoints />
            </Method>
            <Method visited="true" cyclomaticComplexity="0" nPathComplexity="0" sequenceCoverage="100.0" branchCoverage="0" crapScore="0" isConstructor="false" isStatic="false" isGetter="false" isSetter="false">
              <Summary numSequencePoints="7" visitedSequencePoints="7" numBranchPoints="0" visitedBranchPoints="0" sequenceCoverage="100.0" branchCoverage="0" maxCyclomaticComplexity="0" minCyclomaticComplexity="0" maxCrapScore="0" minCrapScore="0" visitedClasses="0" numClasses="0" visitedMethods="1" numMethods="1" />
              <MetadataToken>100663351</MetadataToken>
              <Name>System.Void Tests::SaveManager_LoadGame_ReturnsNullWhenNoFile()</Name>
              <FileRef uid="7" />
              <SequencePoints>
                <SequencePoint vc="1" uspid="1000" ordinal="0" offset="0" sl="229" sc="5" el="229" ec="5" bec="0" bev="0" fileid="7" />
                <SequencePoint vc="1" uspid="1001" ordinal="0" offset="1" sl="230" sc="9" el="230" ec="9" bec="0" bev="0" fileid="7" />
                <SequencePoint vc="1" uspid="1002" ordinal="0" offset="15" sl="231" sc="9" el="231" ec="9" bec="0" bev="0" fileid="7" />
                <SequencePoint vc="1" uspid="1003" ordinal="0" offset="16" sl="232" sc="13" el="232" ec="13" bec="0" bev="0" fileid="7" />
                <SequencePoint vc="1" uspid="1004" ordinal="0" offset="27" sl="233" sc="9" el="233" ec="9" bec="0" bev="0" fileid="7" />
                <SequencePoint vc="1" uspid="1005" ordinal="0" offset="28" sl="235" sc="9" el="235" ec="9" bec="0" bev="0" fileid="7" />
                <SequencePoint vc="1" uspid="1006" ordinal="0" offset="39" sl="236" sc="5" el="236" ec="5" bec="0" bev="0" fileid="7" />
              </SequencePoints>
              <BranchPoints />
            </Method>
            <Method visited="true" cyclomaticComplexity="0" nPathComplexity="0" sequenceCoverage="100.0" branchCoverage="0" crapScore="0" isConstructor="false" isStatic="false" isGetter="false" isSetter="false">
              <Summary numSequencePoints="9" visitedSequencePoints="9" numBranchPoints="0" visitedBranchPoints="0" sequenceCoverage="100.0" branchCoverage="0" maxCyclomaticComplexity="0" minCyclomaticComplexity="0" maxCrapScore="0" minCrapScore="0" visitedClasses="0" numClasses="0" visitedMethods="1" numMethods="1" />
              <MetadataToken>100663352</MetadataToken>
              <Name>System.Void Tests::CellView_Init_SubscribesToEvents()</Name>
              <FileRef uid="7" />
              <SequencePoints>
                <SequencePoint vc="1" uspid="1007" ordinal="0" offset="0" sl="242" sc="5" el="242" ec="5" bec="0" bev="0" fileid="7" />
                <SequencePoint vc="1" uspid="1008" ordinal="0" offset="1" sl="243" sc="9" el="243" ec="9" bec="0" bev="0" fileid="7" />
                <SequencePoint vc="1" uspid="1009" ordinal="0" offset="13" sl="244" sc="9" el="244" ec="9" bec="0" bev="0" fileid="7" />
                <SequencePoint vc="1" uspid="1010" ordinal="0" offset="24" sl="245" sc="9" el="245" ec="9" bec="0" bev="0" fileid="7" />
                <SequencePoint vc="1" uspid="1011" ordinal="0" offset="40" sl="246" sc="9" el="246" ec="9" bec="0" bev="0" fileid="7" />
                <SequencePoint vc="1" uspid="1012" ordinal="0" offset="56" sl="248" sc="9" el="248" ec="9" bec="0" bev="0" fileid="7" />
                <SequencePoint vc="1" uspid="1013" ordinal="0" offset="64" sl="250" sc="9" el="250" ec="9" bec="0" bev="0" fileid="7" />
                <SequencePoint vc="1" uspid="1014" ordinal="0" offset="72" sl="251" sc="9" el="251" ec="9" bec="0" bev="0" fileid="7" />
                <SequencePoint vc="1" uspid="1015" ordinal="0" offset="94" sl="252" sc="5" el="252" ec="5" bec="0" bev="0" fileid="7" />
              </SequencePoints>
              <BranchPoints />
            </Method>
            <Method visited="true" cyclomaticComplexity="0" nPathComplexity="0" sequenceCoverage="100.0" branchCoverage="0" crapScore="0" isConstructor="false" isStatic="false" isGetter="false" isSetter="false">
              <Summary numSequencePoints="7" visitedSequencePoints="7" numBranchPoints="0" visitedBranchPoints="0" sequenceCoverage="100.0" branchCoverage="0" maxCyclomaticComplexity="0" minCyclomaticComplexity="0" maxCrapScore="0" minCrapScore="0" visitedClasses="0" numClasses="0" visitedMethods="1" numMethods="1" />
              <MetadataToken>100663353</MetadataToken>
              <Name>System.Void Tests::CellView_UpdatePosition_MovesCorrectly()</Name>
              <FileRef uid="7" />
              <SequencePoints>
                <SequencePoint vc="1" uspid="1016" ordinal="0" offset="0" sl="256" sc="5" el="256" ec="5" bec="0" bev="0" fileid="7" />
                <SequencePoint vc="1" uspid="1017" ordinal="0" offset="1" sl="257" sc="9" el="257" ec="9" bec="0" bev="0" fileid="7" />
                <SequencePoint vc="1" uspid="1018" ordinal="0" offset="12" sl="258" sc="9" el="258" ec="9" bec="0" bev="0" fileid="7" />
                <SequencePoint vc="1" uspid="1019" ordinal="0" offset="21" sl="260" sc="9" el="260" ec="9" bec="0" bev="0" fileid="7" />
                <SequencePoint vc="1" uspid="1020" ordinal="0" offset="29" sl="262" sc="9" el="262" ec="9" bec="0" bev="0" fileid="7" />
                <SequencePoint vc="1" uspid="1021" ordinal="0" offset="51" sl="263" sc="9" el="263" ec="9" bec="0" bev="0" fileid="7" />
                <SequencePoint vc="1" uspid="1022" ordinal="0" offset="79" sl="264" sc="5" el="264" ec="5" bec="0" bev="0" fileid="7" />
              </SequencePoints>
              <BranchPoints />
            </Method>
          </Methods>
        </Class>
        <Class>
          <Summary numSequencePoints="1" visitedSequencePoints="1" numBranchPoints="0" visitedBranchPoints="0" sequenceCoverage="100.0" branchCoverage="0.0" maxCyclomaticComplexity="0" minCyclomaticComplexity="0" maxCrapScore="0" minCrapScore="0" visitedClasses="1" numClasses="1" visitedMethods="1" numMethods="1" />
          <FullName>GameField/&lt;&gt;c</FullName>
          <Methods>
            <Method visited="true" cyclomaticComplexity="0" nPathComplexity="0" sequenceCoverage="100.0" branchCoverage="0" crapScore="0" isConstructor="false" isStatic="false" isGetter="false" isSetter="false">
              <Summary numSequencePoints="1" visitedSequencePoints="1" numBranchPoints="0" visitedBranchPoints="0" sequenceCoverage="100.0" branchCoverage="0" maxCyclomaticComplexity="0" minCyclomaticComplexity="0" maxCrapScore="0" minCrapScore="0" visitedClasses="0" numClasses="0" visitedMethods="1" numMethods="1" />
              <MetadataToken>100663359</MetadataToken>
              <Name>System.Int32 GameField/&lt;&gt;c::&lt;ProcessMove&gt;b__9_0(Cell, Cell)</Name>
              <FileRef uid="4" />
              <SequencePoints>
                <SequencePoint vc="1" uspid="1023" ordinal="0" offset="0" sl="77" sc="34" el="77" ec="34" bec="0" bev="0" fileid="4" />
              </SequencePoints>
              <BranchPoints />
            </Method>
          </Methods>
        </Class>
        <Class>
          <Summary numSequencePoints="1" visitedSequencePoints="1" numBranchPoints="0" visitedBranchPoints="0" sequenceCoverage="100.0" branchCoverage="0.0" maxCyclomaticComplexity="0" minCyclomaticComplexity="0" maxCrapScore="0" minCrapScore="0" visitedClasses="1" numClasses="1" visitedMethods="1" numMethods="1" />
          <FullName>GameField/&lt;&gt;c__DisplayClass11_0</FullName>
          <Methods>
            <Method visited="true" cyclomaticComplexity="0" nPathComplexity="0" sequenceCoverage="100.0" branchCoverage="0" crapScore="0" isConstructor="false" isStatic="false" isGetter="false" isSetter="false">
              <Summary numSequencePoints="1" visitedSequencePoints="1" numBranchPoints="0" visitedBranchPoints="0" sequenceCoverage="100.0" branchCoverage="0" maxCyclomaticComplexity="0" minCyclomaticComplexity="0" maxCrapScore="0" minCrapScore="0" visitedClasses="0" numClasses="0" visitedMethods="1" numMethods="1" />
              <MetadataToken>100663364</MetadataToken>
              <Name>System.Boolean GameField/&lt;&gt;c__DisplayClass11_0::&lt;GetCellAt&gt;b__0(Cell)</Name>
              <FileRef uid="4" />
              <SequencePoints>
                <SequencePoint vc="674" uspid="1027" ordinal="0" offset="0" sl="147" sc="35" el="147" ec="35" bec="0" bev="0" fileid="4" />
              </SequencePoints>
              <BranchPoints />
            </Method>
          </Methods>
        </Class>
        <Class>
          <Summary numSequencePoints="1" visitedSequencePoints="1" numBranchPoints="0" visitedBranchPoints="0" sequenceCoverage="100.0" branchCoverage="0.0" maxCyclomaticComplexity="0" minCyclomaticComplexity="0" maxCrapScore="0" minCrapScore="0" visitedClasses="1" numClasses="1" visitedMethods="1" numMethods="1" />
          <FullName>Tests/&lt;&gt;c__DisplayClass3_0</FullName>
          <Methods>
            <Method visited="true" cyclomaticComplexity="0" nPathComplexity="0" sequenceCoverage="100.0" branchCoverage="0" crapScore="0" isConstructor="false" isStatic="false" isGetter="false" isSetter="false">
              <Summary numSequencePoints="1" visitedSequencePoints="1" numBranchPoints="0" visitedBranchPoints="0" sequenceCoverage="100.0" branchCoverage="0" maxCyclomaticComplexity="0" minCyclomaticComplexity="0" maxCrapScore="0" minCrapScore="0" visitedClasses="0" numClasses="0" visitedMethods="1" numMethods="1" />
              <MetadataToken>100663370</MetadataToken>
              <Name>System.Void Tests/&lt;&gt;c__DisplayClass3_0::&lt;Cell_CoordsChange_TriggersEvent&gt;b__0(UnityEngine.Vector2Int)</Name>
              <FileRef uid="7" />
              <SequencePoints>
                <SequencePoint vc="1" uspid="1030" ordinal="0" offset="0" sl="43" sc="40" el="43" ec="40" bec="0" bev="0" fileid="7" />
              </SequencePoints>
              <BranchPoints />
            </Method>
          </Methods>
        </Class>
      </Classes>
    </Module>
  </Modules>
</CoverageSession>